{"contracts/core/AccessControlManager.sol":{"l":{"42":0,"43":0,"47":0,"48":0,"54":0,"55":0,"58":0,"61":0,"77":0,"91":0,"99":0,"113":0,"115":0,"116":0,"131":0,"133":0,"134":0,"150":0,"151":0,"152":0,"161":0,"178":0,"187":0,"202":0,"203":0,"204":0,"207":0,"222":0,"223":0,"224":0,"227":0,"243":0,"258":0,"272":0,"281":0,"282":0,"289":0,"290":0,"302":0,"313":0,"316":0,"317":0,"320":0,"321":0,"323":0,"325":0,"335":0,"336":0,"339":0,"342":0,"343":0,"345":0,"346":0,"347":0,"348":0,"351":0,"352":0,"354":0,"363":0,"364":0},"path":"/Users/seman/Desktop/kektechbmad100/expansion-packs/bmad-blockchain-dev/contracts/core/AccessControlManager.sol","s":{"1":0,"2":0,"3":0,"4":0,"5":0,"6":0,"7":0,"8":0,"9":0,"10":0,"11":0,"12":0,"13":0,"14":0,"15":0,"16":0,"17":0,"18":0,"19":0,"20":0,"21":0,"22":0,"23":0,"24":0,"25":0,"26":0,"27":0,"28":0,"29":0,"30":0,"31":0,"32":0,"33":0,"34":0,"35":0,"36":0,"37":0,"38":0,"39":0,"40":0,"41":0,"42":0,"43":0,"44":0},"b":{"1":[0,0],"2":[0,0],"3":[0,0],"4":[0,0],"5":[0,0],"6":[0,0],"7":[0,0],"8":[0,0],"9":[0,0],"10":[0,0],"11":[0,0],"12":[0,0],"13":[0,0],"14":[0,0],"15":[0,0],"16":[0,0],"17":[0,0],"18":[0,0],"19":[0,0],"20":[0,0],"21":[0,0],"22":[0,0]},"f":{"1":0,"2":0,"3":0,"4":0,"5":0,"6":0,"7":0,"8":0,"9":0,"10":0,"11":0,"12":0,"13":0,"14":0,"15":0,"16":0,"17":0,"18":0,"19":0,"20":0,"21":0,"22":0,"23":0},"fnMap":{"1":{"name":"onlyRole","line":41,"loc":{"start":{"line":41,"column":4},"end":{"line":44,"column":4}}},"2":{"name":"whenNotPaused","line":46,"loc":{"start":{"line":46,"column":4},"end":{"line":49,"column":4}}},"3":{"name":"constructor","line":53,"loc":{"start":{"line":53,"column":4},"end":{"line":62,"column":4}}},"4":{"name":"grantRole","line":75,"loc":{"start":{"line":71,"column":4},"end":{"line":78,"column":4}}},"5":{"name":"revokeRole","line":89,"loc":{"start":{"line":85,"column":4},"end":{"line":92,"column":4}}},"6":{"name":"renounceRole","line":98,"loc":{"start":{"line":98,"column":4},"end":{"line":100,"column":4}}},"7":{"name":"grantRoleBatch","line":111,"loc":{"start":{"line":107,"column":4},"end":{"line":118,"column":4}}},"8":{"name":"revokeRoleBatch","line":129,"loc":{"start":{"line":125,"column":4},"end":{"line":136,"column":4}}},"9":{"name":"setRoleAdmin","line":148,"loc":{"start":{"line":145,"column":4},"end":{"line":153,"column":4}}},"10":{"name":"getRoleAdmin","line":160,"loc":{"start":{"line":160,"column":4},"end":{"line":162,"column":4}}},"11":{"name":"hasRole","line":172,"loc":{"start":{"line":172,"column":4},"end":{"line":179,"column":4}}},"12":{"name":"checkRole","line":186,"loc":{"start":{"line":186,"column":4},"end":{"line":188,"column":4}}},"13":{"name":"hasAnyRole","line":196,"loc":{"start":{"line":196,"column":4},"end":{"line":208,"column":4}}},"14":{"name":"hasAllRoles","line":216,"loc":{"start":{"line":216,"column":4},"end":{"line":228,"column":4}}},"15":{"name":"getRoleMemberCount","line":237,"loc":{"start":{"line":237,"column":4},"end":{"line":244,"column":4}}},"16":{"name":"getRoleMember","line":252,"loc":{"start":{"line":252,"column":4},"end":{"line":259,"column":4}}},"17":{"name":"getAllRoleMembers","line":266,"loc":{"start":{"line":266,"column":4},"end":{"line":273,"column":4}}},"18":{"name":"pause","line":280,"loc":{"start":{"line":280,"column":4},"end":{"line":283,"column":4}}},"19":{"name":"unpause","line":288,"loc":{"start":{"line":288,"column":4},"end":{"line":291,"column":4}}},"20":{"name":"supportsRole","line":300,"loc":{"start":{"line":300,"column":4},"end":{"line":303,"column":4}}},"21":{"name":"_grantRole","line":312,"loc":{"start":{"line":312,"column":4},"end":{"line":327,"column":4}}},"22":{"name":"_revokeRole","line":334,"loc":{"start":{"line":334,"column":4},"end":{"line":355,"column":4}}},"23":{"name":"_checkRole","line":362,"loc":{"start":{"line":362,"column":4},"end":{"line":366,"column":4}}}},"statementMap":{"1":{"start":{"line":42,"column":8},"end":{"line":42,"column":35}},"2":{"start":{"line":47,"column":8},"end":{"line":47,"column":43}},"3":{"start":{"line":54,"column":8},"end":{"line":54,"column":57}},"4":{"start":{"line":58,"column":8},"end":{"line":58,"column":49}},"5":{"start":{"line":77,"column":8},"end":{"line":77,"column":32}},"6":{"start":{"line":91,"column":8},"end":{"line":91,"column":33}},"7":{"start":{"line":99,"column":8},"end":{"line":99,"column":36}},"8":{"start":{"line":113,"column":8},"end":{"line":113,"column":54}},"9":{"start":{"line":115,"column":8},"end":{"line":115,"column":3298}},"10":{"start":{"line":116,"column":12},"end":{"line":116,"column":40}},"11":{"start":{"line":131,"column":8},"end":{"line":131,"column":54}},"12":{"start":{"line":133,"column":8},"end":{"line":133,"column":3813}},"13":{"start":{"line":134,"column":12},"end":{"line":134,"column":41}},"14":{"start":{"line":150,"column":8},"end":{"line":150,"column":58}},"15":{"start":{"line":152,"column":8},"end":{"line":152,"column":65}},"16":{"start":{"line":161,"column":8},"end":{"line":161,"column":37}},"17":{"start":{"line":178,"column":8},"end":{"line":178,"column":44}},"18":{"start":{"line":187,"column":8},"end":{"line":187,"column":32}},"19":{"start":{"line":202,"column":8},"end":{"line":202,"column":5720}},"20":{"start":{"line":203,"column":12},"end":{"line":203,"column":5781}},"21":{"start":{"line":204,"column":16},"end":{"line":204,"column":27}},"22":{"start":{"line":207,"column":8},"end":{"line":207,"column":20}},"23":{"start":{"line":222,"column":8},"end":{"line":222,"column":6251}},"24":{"start":{"line":223,"column":12},"end":{"line":223,"column":6312}},"25":{"start":{"line":224,"column":16},"end":{"line":224,"column":28}},"26":{"start":{"line":227,"column":8},"end":{"line":227,"column":19}},"27":{"start":{"line":243,"column":8},"end":{"line":243,"column":45}},"28":{"start":{"line":258,"column":8},"end":{"line":258,"column":45}},"29":{"start":{"line":272,"column":8},"end":{"line":272,"column":38}},"30":{"start":{"line":282,"column":8},"end":{"line":282,"column":38}},"31":{"start":{"line":290,"column":8},"end":{"line":290,"column":39}},"32":{"start":{"line":302,"column":8},"end":{"line":302,"column":33}},"33":{"start":{"line":313,"column":8},"end":{"line":313,"column":55}},"34":{"start":{"line":316,"column":8},"end":{"line":316,"column":8657}},"35":{"start":{"line":320,"column":12},"end":{"line":320,"column":48}},"36":{"start":{"line":323,"column":12},"end":{"line":323,"column":72}},"37":{"start":{"line":335,"column":8},"end":{"line":335,"column":9304}},"38":{"start":{"line":342,"column":8},"end":{"line":342,"column":57}},"39":{"start":{"line":343,"column":8},"end":{"line":343,"column":58}},"40":{"start":{"line":345,"column":8},"end":{"line":345,"column":9629}},"41":{"start":{"line":346,"column":12},"end":{"line":346,"column":71}},"42":{"start":{"line":351,"column":8},"end":{"line":351,"column":36}},"43":{"start":{"line":354,"column":8},"end":{"line":354,"column":68}},"44":{"start":{"line":363,"column":8},"end":{"line":363,"column":10258}}},"branchMap":{"1":{"line":47,"type":"if","locations":[{"start":{"line":47,"column":8},"end":{"line":47,"column":8}},{"start":{"line":47,"column":8},"end":{"line":47,"column":8}}]},"2":{"line":54,"type":"if","locations":[{"start":{"line":54,"column":8},"end":{"line":54,"column":8}},{"start":{"line":54,"column":8},"end":{"line":54,"column":8}}]},"3":{"line":74,"type":"if","locations":[{"start":{"line":74,"column":8},"end":{"line":74,"column":8}},{"start":{"line":74,"column":8},"end":{"line":74,"column":8}}]},"4":{"line":75,"type":"if","locations":[{"start":{"line":75,"column":8},"end":{"line":75,"column":8}},{"start":{"line":75,"column":8},"end":{"line":75,"column":8}}]},"5":{"line":88,"type":"if","locations":[{"start":{"line":88,"column":8},"end":{"line":88,"column":8}},{"start":{"line":88,"column":8},"end":{"line":88,"column":8}}]},"6":{"line":89,"type":"if","locations":[{"start":{"line":89,"column":8},"end":{"line":89,"column":8}},{"start":{"line":89,"column":8},"end":{"line":89,"column":8}}]},"7":{"line":110,"type":"if","locations":[{"start":{"line":110,"column":8},"end":{"line":110,"column":8}},{"start":{"line":110,"column":8},"end":{"line":110,"column":8}}]},"8":{"line":111,"type":"if","locations":[{"start":{"line":111,"column":8},"end":{"line":111,"column":8}},{"start":{"line":111,"column":8},"end":{"line":111,"column":8}}]},"9":{"line":113,"type":"if","locations":[{"start":{"line":113,"column":8},"end":{"line":113,"column":8}},{"start":{"line":113,"column":8},"end":{"line":113,"column":8}}]},"10":{"line":128,"type":"if","locations":[{"start":{"line":128,"column":8},"end":{"line":128,"column":8}},{"start":{"line":128,"column":8},"end":{"line":128,"column":8}}]},"11":{"line":129,"type":"if","locations":[{"start":{"line":129,"column":8},"end":{"line":129,"column":8}},{"start":{"line":129,"column":8},"end":{"line":129,"column":8}}]},"12":{"line":131,"type":"if","locations":[{"start":{"line":131,"column":8},"end":{"line":131,"column":8}},{"start":{"line":131,"column":8},"end":{"line":131,"column":8}}]},"13":{"line":148,"type":"if","locations":[{"start":{"line":148,"column":8},"end":{"line":148,"column":8}},{"start":{"line":148,"column":8},"end":{"line":148,"column":8}}]},"14":{"line":203,"type":"if","locations":[{"start":{"line":203,"column":12},"end":{"line":203,"column":12}},{"start":{"line":203,"column":12},"end":{"line":203,"column":12}}]},"15":{"line":223,"type":"if","locations":[{"start":{"line":223,"column":12},"end":{"line":223,"column":12}},{"start":{"line":223,"column":12},"end":{"line":223,"column":12}}]},"16":{"line":280,"type":"if","locations":[{"start":{"line":280,"column":39},"end":{"line":280,"column":39}},{"start":{"line":280,"column":39},"end":{"line":280,"column":39}}]},"17":{"line":288,"type":"if","locations":[{"start":{"line":288,"column":41},"end":{"line":288,"column":41}},{"start":{"line":288,"column":41},"end":{"line":288,"column":41}}]},"18":{"line":313,"type":"if","locations":[{"start":{"line":313,"column":8},"end":{"line":313,"column":8}},{"start":{"line":313,"column":8},"end":{"line":313,"column":8}}]},"19":{"line":316,"type":"if","locations":[{"start":{"line":316,"column":8},"end":{"line":316,"column":8}},{"start":{"line":316,"column":8},"end":{"line":316,"column":8}}]},"20":{"line":335,"type":"if","locations":[{"start":{"line":335,"column":8},"end":{"line":335,"column":8}},{"start":{"line":335,"column":8},"end":{"line":335,"column":8}}]},"21":{"line":345,"type":"if","locations":[{"start":{"line":345,"column":8},"end":{"line":345,"column":8}},{"start":{"line":345,"column":8},"end":{"line":345,"column":8}}]},"22":{"line":363,"type":"if","locations":[{"start":{"line":363,"column":8},"end":{"line":363,"column":8}},{"start":{"line":363,"column":8},"end":{"line":363,"column":8}}]}}},"contracts/core/FlexibleMarketFactory.sol":{"l":{"103":0,"104":0,"105":0,"106":0,"112":0,"113":0,"117":0,"118":0,"119":0,"121":0,"139":0,"142":0,"143":0,"147":0,"150":0,"159":0,"162":0,"163":0,"166":0,"177":0,"178":0,"179":0,"180":0,"182":0,"192":0,"213":0,"214":0,"217":0,"228":0,"230":0,"231":0,"235":0,"238":0,"247":0,"250":0,"251":0,"254":0,"265":0,"266":0,"267":0,"268":0,"270":0,"280":0,"309":0,"310":0,"312":0,"313":0,"317":0,"320":0,"323":0,"326":0,"336":0,"339":0,"340":0,"343":0,"354":0,"355":0,"356":0,"357":0,"359":0,"369":0,"379":0,"380":0,"383":0,"384":0,"387":0,"388":0,"400":0,"401":0,"404":0,"405":0,"408":0,"409":0,"419":0,"420":0,"423":0,"424":0,"426":0,"430":0,"431":0,"432":0,"435":0,"436":0,"438":0,"458":0,"459":0,"461":0,"469":0,"490":0,"491":0,"493":0,"503":0,"512":0,"513":0,"521":0,"541":0,"544":0,"545":0,"549":0,"550":0,"551":0,"553":0,"556":0,"557":0,"558":0,"561":0,"564":0,"565":0,"567":0,"568":0,"569":0,"571":0,"575":0,"587":0,"588":0,"591":0,"593":0,"594":0,"595":0,"596":0,"600":0,"609":0,"618":0,"633":0,"634":0,"636":0,"653":0,"662":0,"672":0,"682":0,"691":0,"700":0,"701":0,"708":0,"709":0,"717":0,"727":0,"728":0,"732":0,"733":0,"734":0,"737":0,"738":0,"746":0,"747":0,"748":0},"path":"/Users/seman/Desktop/kektechbmad100/expansion-packs/bmad-blockchain-dev/contracts/core/FlexibleMarketFactory.sol","s":{"1":0,"2":0,"3":0,"4":0,"5":0,"6":0,"7":0,"8":0,"9":0,"10":0,"11":0,"12":0,"13":0,"14":0,"15":0,"16":0,"17":0,"18":0,"19":0,"20":0,"21":0,"22":0,"23":0,"24":0,"25":0,"26":0,"27":0,"28":0,"29":0,"30":0,"31":0,"32":0,"33":0,"34":0,"35":0,"36":0,"37":0,"38":0,"39":0,"40":0,"41":0,"42":0,"43":0,"44":0,"45":0,"46":0,"47":0,"48":0,"49":0,"50":0,"51":0,"52":0,"53":0,"54":0,"55":0,"56":0,"57":0,"58":0,"59":0,"60":0,"61":0,"62":0,"63":0,"64":0,"65":0,"66":0,"67":0,"68":0,"69":0,"70":0,"71":0,"72":0,"73":0,"74":0,"75":0,"76":0,"77":0,"78":0,"79":0,"80":0,"81":0,"82":0,"83":0,"84":0,"85":0,"86":0,"87":0,"88":0,"89":0,"90":0,"91":0,"92":0,"93":0,"94":0,"95":0,"96":0,"97":0,"98":0,"99":0,"100":0,"101":0},"b":{"1":[0,0],"2":[0,0],"3":[0,0],"4":[0,0],"5":[0,0],"6":[0,0],"7":[0,0],"8":[0,0],"9":[0,0],"10":[0,0],"11":[0,0],"12":[0,0],"13":[0,0],"14":[0,0],"15":[0,0],"16":[0,0],"17":[0,0],"18":[0,0],"19":[0,0],"20":[0,0],"21":[0,0],"22":[0,0],"23":[0,0],"24":[0,0],"25":[0,0],"26":[0,0],"27":[0,0],"28":[0,0],"29":[0,0],"30":[0,0],"31":[0,0],"32":[0,0],"33":[0,0],"34":[0,0],"35":[0,0],"36":[0,0],"37":[0,0],"38":[0,0],"39":[0,0],"40":[0,0],"41":[0,0],"42":[0,0],"43":[0,0],"44":[0,0],"45":[0,0]},"f":{"1":0,"2":0,"3":0,"4":0,"5":0,"6":0,"7":0,"8":0,"9":0,"10":0,"11":0,"12":0,"13":0,"14":0,"15":0,"16":0,"17":0,"18":0,"19":0,"20":0,"21":0,"22":0,"23":0,"24":0,"25":0,"26":0,"27":0,"28":0,"29":0},"fnMap":{"1":{"name":"constructor","line":102,"loc":{"start":{"line":102,"column":4},"end":{"line":107,"column":4}}},"2":{"name":"whenNotPaused","line":111,"loc":{"start":{"line":111,"column":4},"end":{"line":114,"column":4}}},"3":{"name":"onlyAdmin","line":116,"loc":{"start":{"line":116,"column":4},"end":{"line":122,"column":4}}},"4":{"name":"createMarket","line":135,"loc":{"start":{"line":131,"column":4},"end":{"line":193,"column":4}}},"5":{"name":"createMarketFromTemplate","line":210,"loc":{"start":{"line":202,"column":4},"end":{"line":281,"column":4}}},"6":{"name":"createMarketFromTemplateRegistry","line":305,"loc":{"start":{"line":294,"column":4},"end":{"line":370,"column":4}}},"7":{"name":"activateMarket","line":378,"loc":{"start":{"line":378,"column":4},"end":{"line":389,"column":4}}},"8":{"name":"deactivateMarket","line":398,"loc":{"start":{"line":396,"column":4},"end":{"line":410,"column":4}}},"9":{"name":"refundCreatorBond","line":418,"loc":{"start":{"line":418,"column":4},"end":{"line":439,"column":4}}},"10":{"name":"createTemplate","line":457,"loc":{"start":{"line":451,"column":4},"end":{"line":470,"column":4}}},"11":{"name":"getTemplate","line":480,"loc":{"start":{"line":480,"column":4},"end":{"line":494,"column":4}}},"12":{"name":"getMarketCount","line":502,"loc":{"start":{"line":502,"column":4},"end":{"line":504,"column":4}}},"13":{"name":"getMarketAt","line":511,"loc":{"start":{"line":511,"column":4},"end":{"line":514,"column":4}}},"14":{"name":"getAllMarkets","line":520,"loc":{"start":{"line":520,"column":4},"end":{"line":522,"column":4}}},"15":{"name":"getActiveMarkets","line":533,"loc":{"start":{"line":533,"column":4},"end":{"line":576,"column":4}}},"16":{"name":"getActiveMarkets","line":585,"loc":{"start":{"line":585,"column":4},"end":{"line":601,"column":4}}},"17":{"name":"getMarketsByCreator","line":608,"loc":{"start":{"line":608,"column":4},"end":{"line":610,"column":4}}},"18":{"name":"getMarketsByCategory","line":617,"loc":{"start":{"line":617,"column":4},"end":{"line":619,"column":4}}},"19":{"name":"getMarketInfo","line":628,"loc":{"start":{"line":628,"column":4},"end":{"line":645,"column":4}}},"20":{"name":"isMarketActive","line":652,"loc":{"start":{"line":652,"column":4},"end":{"line":654,"column":4}}},"21":{"name":"getMarketCreator","line":661,"loc":{"start":{"line":661,"column":4},"end":{"line":663,"column":4}}},"22":{"name":"getHeldBond","line":671,"loc":{"start":{"line":671,"column":4},"end":{"line":673,"column":4}}},"23":{"name":"getTotalHeldBonds","line":681,"loc":{"start":{"line":681,"column":4},"end":{"line":683,"column":4}}},"24":{"name":"getActiveMarketCount","line":690,"loc":{"start":{"line":690,"column":4},"end":{"line":692,"column":4}}},"25":{"name":"pause","line":699,"loc":{"start":{"line":699,"column":4},"end":{"line":702,"column":4}}},"26":{"name":"unpause","line":707,"loc":{"start":{"line":707,"column":4},"end":{"line":710,"column":4}}},"27":{"name":"updateMinBond","line":716,"loc":{"start":{"line":716,"column":4},"end":{"line":718,"column":4}}},"28":{"name":"_validateMarketConfig","line":726,"loc":{"start":{"line":726,"column":4},"end":{"line":739,"column":4}}},"29":{"name":"_getAccessControlManager","line":745,"loc":{"start":{"line":745,"column":4},"end":{"line":749,"column":4}}}},"statementMap":{"1":{"start":{"line":103,"column":8},"end":{"line":103,"column":65}},"2":{"start":{"line":112,"column":8},"end":{"line":112,"column":43}},"3":{"start":{"line":117,"column":8},"end":{"line":117,"column":72}},"4":{"start":{"line":118,"column":8},"end":{"line":118,"column":3780}},"5":{"start":{"line":139,"column":8},"end":{"line":139,"column":36}},"6":{"start":{"line":142,"column":8},"end":{"line":142,"column":4411}},"7":{"start":{"line":147,"column":8},"end":{"line":147,"column":56}},"8":{"start":{"line":150,"column":8},"end":{"line":150,"column":4664}},"9":{"start":{"line":177,"column":8},"end":{"line":177,"column":35}},"10":{"start":{"line":178,"column":8},"end":{"line":178,"column":56}},"11":{"start":{"line":179,"column":8},"end":{"line":179,"column":62}},"12":{"start":{"line":182,"column":8},"end":{"line":182,"column":5753}},"13":{"start":{"line":192,"column":8},"end":{"line":192,"column":28}},"14":{"start":{"line":213,"column":8},"end":{"line":213,"column":57}},"15":{"start":{"line":214,"column":8},"end":{"line":214,"column":65}},"16":{"start":{"line":217,"column":8},"end":{"line":217,"column":6705}},"17":{"start":{"line":228,"column":8},"end":{"line":228,"column":36}},"18":{"start":{"line":230,"column":8},"end":{"line":230,"column":7118}},"19":{"start":{"line":235,"column":8},"end":{"line":235,"column":56}},"20":{"start":{"line":238,"column":8},"end":{"line":238,"column":7337}},"21":{"start":{"line":265,"column":8},"end":{"line":265,"column":35}},"22":{"start":{"line":266,"column":8},"end":{"line":266,"column":56}},"23":{"start":{"line":267,"column":8},"end":{"line":267,"column":64}},"24":{"start":{"line":270,"column":8},"end":{"line":270,"column":8405}},"25":{"start":{"line":280,"column":8},"end":{"line":280,"column":28}},"26":{"start":{"line":309,"column":8},"end":{"line":309,"column":9594}},"27":{"start":{"line":312,"column":8},"end":{"line":312,"column":9695}},"28":{"start":{"line":317,"column":8},"end":{"line":317,"column":9826}},"29":{"start":{"line":320,"column":8},"end":{"line":320,"column":73}},"30":{"start":{"line":326,"column":8},"end":{"line":326,"column":10227}},"31":{"start":{"line":336,"column":8},"end":{"line":336,"column":60}},"32":{"start":{"line":354,"column":8},"end":{"line":354,"column":35}},"33":{"start":{"line":355,"column":8},"end":{"line":355,"column":56}},"34":{"start":{"line":356,"column":8},"end":{"line":356,"column":57}},"35":{"start":{"line":359,"column":8},"end":{"line":359,"column":11331}},"36":{"start":{"line":369,"column":8},"end":{"line":369,"column":28}},"37":{"start":{"line":379,"column":8},"end":{"line":379,"column":60}},"38":{"start":{"line":380,"column":8},"end":{"line":380,"column":62}},"39":{"start":{"line":383,"column":8},"end":{"line":383,"column":12000}},"40":{"start":{"line":388,"column":8},"end":{"line":388,"column":60}},"41":{"start":{"line":400,"column":8},"end":{"line":400,"column":60}},"42":{"start":{"line":401,"column":8},"end":{"line":401,"column":62}},"43":{"start":{"line":404,"column":8},"end":{"line":404,"column":12630}},"44":{"start":{"line":409,"column":8},"end":{"line":409,"column":70}},"45":{"start":{"line":419,"column":8},"end":{"line":419,"column":60}},"46":{"start":{"line":420,"column":8},"end":{"line":420,"column":62}},"47":{"start":{"line":423,"column":8},"end":{"line":423,"column":53}},"48":{"start":{"line":424,"column":8},"end":{"line":424,"column":55}},"49":{"start":{"line":426,"column":8},"end":{"line":426,"column":38}},"50":{"start":{"line":435,"column":8},"end":{"line":435,"column":62}},"51":{"start":{"line":436,"column":8},"end":{"line":436,"column":50}},"52":{"start":{"line":438,"column":8},"end":{"line":438,"column":85}},"53":{"start":{"line":458,"column":8},"end":{"line":458,"column":67}},"54":{"start":{"line":459,"column":8},"end":{"line":459,"column":60}},"55":{"start":{"line":469,"column":8},"end":{"line":469,"column":63}},"56":{"start":{"line":490,"column":8},"end":{"line":490,"column":57}},"57":{"start":{"line":491,"column":8},"end":{"line":491,"column":65}},"58":{"start":{"line":493,"column":8},"end":{"line":493,"column":87}},"59":{"start":{"line":503,"column":8},"end":{"line":503,"column":30}},"60":{"start":{"line":512,"column":8},"end":{"line":512,"column":71}},"61":{"start":{"line":513,"column":8},"end":{"line":513,"column":30}},"62":{"start":{"line":521,"column":8},"end":{"line":521,"column":23}},"63":{"start":{"line":544,"column":8},"end":{"line":544,"column":17264}},"64":{"start":{"line":545,"column":12},"end":{"line":545,"column":44}},"65":{"start":{"line":549,"column":8},"end":{"line":549,"column":36}},"66":{"start":{"line":550,"column":8},"end":{"line":550,"column":17430}},"67":{"start":{"line":553,"column":8},"end":{"line":553,"column":41}},"68":{"start":{"line":557,"column":8},"end":{"line":557,"column":32}},"69":{"start":{"line":558,"column":8},"end":{"line":558,"column":30}},"70":{"start":{"line":561,"column":8},"end":{"line":561,"column":47}},"71":{"start":{"line":564,"column":8},"end":{"line":564,"column":17810}},"72":{"start":{"line":565,"column":12},"end":{"line":565,"column":17892}},"73":{"start":{"line":567,"column":16},"end":{"line":567,"column":17999}},"74":{"start":{"line":575,"column":8},"end":{"line":575,"column":31}},"75":{"start":{"line":587,"column":8},"end":{"line":587,"column":74}},"76":{"start":{"line":588,"column":8},"end":{"line":588,"column":32}},"77":{"start":{"line":591,"column":8},"end":{"line":591,"column":47}},"78":{"start":{"line":593,"column":8},"end":{"line":593,"column":18887}},"79":{"start":{"line":594,"column":12},"end":{"line":594,"column":18949}},"80":{"start":{"line":600,"column":8},"end":{"line":600,"column":28}},"81":{"start":{"line":609,"column":8},"end":{"line":609,"column":41}},"82":{"start":{"line":618,"column":8},"end":{"line":618,"column":43}},"83":{"start":{"line":633,"column":8},"end":{"line":633,"column":59}},"84":{"start":{"line":634,"column":8},"end":{"line":634,"column":62}},"85":{"start":{"line":636,"column":8},"end":{"line":636,"column":20156}},"86":{"start":{"line":653,"column":8},"end":{"line":653,"column":50}},"87":{"start":{"line":662,"column":8},"end":{"line":662,"column":49}},"88":{"start":{"line":672,"column":8},"end":{"line":672,"column":39}},"89":{"start":{"line":682,"column":8},"end":{"line":682,"column":30}},"90":{"start":{"line":691,"column":8},"end":{"line":691,"column":33}},"91":{"start":{"line":701,"column":8},"end":{"line":701,"column":32}},"92":{"start":{"line":709,"column":8},"end":{"line":709,"column":33}},"93":{"start":{"line":727,"column":8},"end":{"line":727,"column":72}},"94":{"start":{"line":728,"column":8},"end":{"line":728,"column":84}},"95":{"start":{"line":732,"column":8},"end":{"line":732,"column":48}},"96":{"start":{"line":733,"column":8},"end":{"line":733,"column":23345}},"97":{"start":{"line":737,"column":8},"end":{"line":737,"column":67}},"98":{"start":{"line":738,"column":8},"end":{"line":738,"column":75}},"99":{"start":{"line":746,"column":8},"end":{"line":746,"column":55}},"100":{"start":{"line":747,"column":8},"end":{"line":747,"column":82}},"101":{"start":{"line":748,"column":8},"end":{"line":748,"column":51}}},"branchMap":{"1":{"line":103,"type":"if","locations":[{"start":{"line":103,"column":8},"end":{"line":103,"column":8}},{"start":{"line":103,"column":8},"end":{"line":103,"column":8}}]},"2":{"line":112,"type":"if","locations":[{"start":{"line":112,"column":8},"end":{"line":112,"column":8}},{"start":{"line":112,"column":8},"end":{"line":112,"column":8}}]},"3":{"line":118,"type":"if","locations":[{"start":{"line":118,"column":8},"end":{"line":118,"column":8}},{"start":{"line":118,"column":8},"end":{"line":118,"column":8}}]},"4":{"line":134,"type":"if","locations":[{"start":{"line":134,"column":8},"end":{"line":134,"column":8}},{"start":{"line":134,"column":8},"end":{"line":134,"column":8}}]},"5":{"line":135,"type":"if","locations":[{"start":{"line":135,"column":8},"end":{"line":135,"column":8}},{"start":{"line":135,"column":8},"end":{"line":135,"column":8}}]},"6":{"line":142,"type":"if","locations":[{"start":{"line":142,"column":8},"end":{"line":142,"column":8}},{"start":{"line":142,"column":8},"end":{"line":142,"column":8}}]},"7":{"line":142,"type":"cond-expr","locations":[{"start":{"line":142,"column":12},"end":{"line":142,"column":41}},{"start":{"line":142,"column":46},"end":{"line":142,"column":71}}]},"8":{"line":209,"type":"if","locations":[{"start":{"line":209,"column":8},"end":{"line":209,"column":8}},{"start":{"line":209,"column":8},"end":{"line":209,"column":8}}]},"9":{"line":210,"type":"if","locations":[{"start":{"line":210,"column":8},"end":{"line":210,"column":8}},{"start":{"line":210,"column":8},"end":{"line":210,"column":8}}]},"10":{"line":214,"type":"if","locations":[{"start":{"line":214,"column":8},"end":{"line":214,"column":8}},{"start":{"line":214,"column":8},"end":{"line":214,"column":8}}]},"11":{"line":230,"type":"if","locations":[{"start":{"line":230,"column":8},"end":{"line":230,"column":8}},{"start":{"line":230,"column":8},"end":{"line":230,"column":8}}]},"12":{"line":304,"type":"if","locations":[{"start":{"line":304,"column":8},"end":{"line":304,"column":8}},{"start":{"line":304,"column":8},"end":{"line":304,"column":8}}]},"13":{"line":305,"type":"if","locations":[{"start":{"line":305,"column":8},"end":{"line":305,"column":8}},{"start":{"line":305,"column":8},"end":{"line":305,"column":8}}]},"14":{"line":309,"type":"if","locations":[{"start":{"line":309,"column":8},"end":{"line":309,"column":8}},{"start":{"line":309,"column":8},"end":{"line":309,"column":8}}]},"15":{"line":312,"type":"if","locations":[{"start":{"line":312,"column":8},"end":{"line":312,"column":8}},{"start":{"line":312,"column":8},"end":{"line":312,"column":8}}]},"16":{"line":378,"type":"if","locations":[{"start":{"line":378,"column":60},"end":{"line":378,"column":60}},{"start":{"line":378,"column":60},"end":{"line":378,"column":60}}]},"17":{"line":380,"type":"if","locations":[{"start":{"line":380,"column":8},"end":{"line":380,"column":8}},{"start":{"line":380,"column":8},"end":{"line":380,"column":8}}]},"18":{"line":383,"type":"if","locations":[{"start":{"line":383,"column":8},"end":{"line":383,"column":8}},{"start":{"line":383,"column":8},"end":{"line":383,"column":8}}]},"19":{"line":398,"type":"if","locations":[{"start":{"line":398,"column":8},"end":{"line":398,"column":8}},{"start":{"line":398,"column":8},"end":{"line":398,"column":8}}]},"20":{"line":401,"type":"if","locations":[{"start":{"line":401,"column":8},"end":{"line":401,"column":8}},{"start":{"line":401,"column":8},"end":{"line":401,"column":8}}]},"21":{"line":404,"type":"if","locations":[{"start":{"line":404,"column":8},"end":{"line":404,"column":8}},{"start":{"line":404,"column":8},"end":{"line":404,"column":8}}]},"22":{"line":418,"type":"if","locations":[{"start":{"line":418,"column":63},"end":{"line":418,"column":63}},{"start":{"line":418,"column":63},"end":{"line":418,"column":63}}]},"23":{"line":418,"type":"if","locations":[{"start":{"line":418,"column":73},"end":{"line":418,"column":73}},{"start":{"line":418,"column":73},"end":{"line":418,"column":73}}]},"24":{"line":420,"type":"if","locations":[{"start":{"line":420,"column":8},"end":{"line":420,"column":8}},{"start":{"line":420,"column":8},"end":{"line":420,"column":8}}]},"25":{"line":424,"type":"if","locations":[{"start":{"line":424,"column":8},"end":{"line":424,"column":8}},{"start":{"line":424,"column":8},"end":{"line":424,"column":8}}]},"26":{"line":436,"type":"if","locations":[{"start":{"line":436,"column":8},"end":{"line":436,"column":8}},{"start":{"line":436,"column":8},"end":{"line":436,"column":8}}]},"27":{"line":457,"type":"if","locations":[{"start":{"line":457,"column":15},"end":{"line":457,"column":15}},{"start":{"line":457,"column":15},"end":{"line":457,"column":15}}]},"28":{"line":458,"type":"if","locations":[{"start":{"line":458,"column":8},"end":{"line":458,"column":8}},{"start":{"line":458,"column":8},"end":{"line":458,"column":8}}]},"29":{"line":459,"type":"if","locations":[{"start":{"line":459,"column":8},"end":{"line":459,"column":8}},{"start":{"line":459,"column":8},"end":{"line":459,"column":8}}]},"30":{"line":491,"type":"if","locations":[{"start":{"line":491,"column":8},"end":{"line":491,"column":8}},{"start":{"line":491,"column":8},"end":{"line":491,"column":8}}]},"31":{"line":512,"type":"if","locations":[{"start":{"line":512,"column":8},"end":{"line":512,"column":8}},{"start":{"line":512,"column":8},"end":{"line":512,"column":8}}]},"32":{"line":544,"type":"if","locations":[{"start":{"line":544,"column":8},"end":{"line":544,"column":8}},{"start":{"line":544,"column":8},"end":{"line":544,"column":8}}]},"33":{"line":550,"type":"if","locations":[{"start":{"line":550,"column":8},"end":{"line":550,"column":8}},{"start":{"line":550,"column":8},"end":{"line":550,"column":8}}]},"34":{"line":565,"type":"if","locations":[{"start":{"line":565,"column":12},"end":{"line":565,"column":12}},{"start":{"line":565,"column":12},"end":{"line":565,"column":12}}]},"35":{"line":567,"type":"if","locations":[{"start":{"line":567,"column":16},"end":{"line":567,"column":16}},{"start":{"line":567,"column":16},"end":{"line":567,"column":16}}]},"36":{"line":594,"type":"if","locations":[{"start":{"line":594,"column":12},"end":{"line":594,"column":12}},{"start":{"line":594,"column":12},"end":{"line":594,"column":12}}]},"37":{"line":634,"type":"if","locations":[{"start":{"line":634,"column":8},"end":{"line":634,"column":8}},{"start":{"line":634,"column":8},"end":{"line":634,"column":8}}]},"38":{"line":699,"type":"if","locations":[{"start":{"line":699,"column":30},"end":{"line":699,"column":30}},{"start":{"line":699,"column":30},"end":{"line":699,"column":30}}]},"39":{"line":707,"type":"if","locations":[{"start":{"line":707,"column":32},"end":{"line":707,"column":32}},{"start":{"line":707,"column":32},"end":{"line":707,"column":32}}]},"40":{"line":716,"type":"if","locations":[{"start":{"line":716,"column":56},"end":{"line":716,"column":56}},{"start":{"line":716,"column":56},"end":{"line":716,"column":56}}]},"41":{"line":727,"type":"if","locations":[{"start":{"line":727,"column":8},"end":{"line":727,"column":8}},{"start":{"line":727,"column":8},"end":{"line":727,"column":8}}]},"42":{"line":728,"type":"if","locations":[{"start":{"line":728,"column":8},"end":{"line":728,"column":8}},{"start":{"line":728,"column":8},"end":{"line":728,"column":8}}]},"43":{"line":733,"type":"if","locations":[{"start":{"line":733,"column":8},"end":{"line":733,"column":8}},{"start":{"line":733,"column":8},"end":{"line":733,"column":8}}]},"44":{"line":737,"type":"if","locations":[{"start":{"line":737,"column":8},"end":{"line":737,"column":8}},{"start":{"line":737,"column":8},"end":{"line":737,"column":8}}]},"45":{"line":738,"type":"if","locations":[{"start":{"line":738,"column":8},"end":{"line":738,"column":8}},{"start":{"line":738,"column":8},"end":{"line":738,"column":8}}]}}},"contracts/core/MarketTemplateRegistry.sol":{"l":{"100":0,"101":0,"112":0,"115":0,"116":0,"118":0,"136":0,"137":0,"139":0,"140":0,"144":0,"145":0,"148":0,"152":0,"155":0,"158":0,"159":0,"160":0,"161":0,"162":0,"164":0,"177":0,"178":0,"180":0,"181":0,"184":0,"185":0,"187":0,"197":0,"198":0,"202":0,"203":0,"206":0,"207":0,"216":0,"217":0,"221":0,"222":0,"225":0,"226":0,"240":0,"241":0,"243":0,"244":0,"247":0,"255":0,"275":0,"278":0,"279":0,"283":0,"284":0,"285":0,"287":0,"290":0,"291":0,"292":0,"295":0,"296":0,"298":0,"299":0,"300":0,"302":0,"306":0,"318":0,"319":0,"321":0,"322":0,"323":0,"324":0,"328":0,"337":0,"346":0,"354":0,"363":0},"path":"/Users/seman/Desktop/kektechbmad100/expansion-packs/bmad-blockchain-dev/contracts/core/MarketTemplateRegistry.sol","s":{"1":0,"2":0,"3":0,"4":0,"5":0,"6":0,"7":0,"8":0,"9":0,"10":0,"11":0,"12":0,"13":0,"14":0,"15":0,"16":0,"17":0,"18":0,"19":0,"20":0,"21":0,"22":0,"23":0,"24":0,"25":0,"26":0,"27":0,"28":0,"29":0,"30":0,"31":0,"32":0,"33":0,"34":0,"35":0,"36":0,"37":0,"38":0,"39":0,"40":0,"41":0,"42":0,"43":0,"44":0,"45":0},"b":{"1":[0,0],"2":[0,0],"3":[0,0],"4":[0,0],"5":[0,0],"6":[0,0],"7":[0,0],"8":[0,0],"9":[0,0],"10":[0,0],"11":[0,0],"12":[0,0],"13":[0,0],"14":[0,0],"15":[0,0],"16":[0,0],"17":[0,0],"18":[0,0],"19":[0,0],"20":[0,0],"21":[0,0],"22":[0,0]},"f":{"1":0,"2":0,"3":0,"4":0,"5":0,"6":0,"7":0,"8":0,"9":0,"10":0,"11":0,"12":0,"13":0,"14":0},"fnMap":{"1":{"name":"constructor","line":99,"loc":{"start":{"line":99,"column":4},"end":{"line":102,"column":4}}},"2":{"name":"onlyAdmin","line":111,"loc":{"start":{"line":111,"column":4},"end":{"line":119,"column":4}}},"3":{"name":"registerTemplate","line":135,"loc":{"start":{"line":132,"column":4},"end":{"line":165,"column":4}}},"4":{"name":"updateTemplate","line":176,"loc":{"start":{"line":173,"column":4},"end":{"line":188,"column":4}}},"5":{"name":"deactivateTemplate","line":196,"loc":{"start":{"line":196,"column":4},"end":{"line":208,"column":4}}},"6":{"name":"reactivateTemplate","line":215,"loc":{"start":{"line":215,"column":4},"end":{"line":227,"column":4}}},"7":{"name":"getTemplate","line":239,"loc":{"start":{"line":239,"column":4},"end":{"line":248,"column":4}}},"8":{"name":"getAllTemplateIds","line":254,"loc":{"start":{"line":254,"column":4},"end":{"line":256,"column":4}}},"9":{"name":"getActiveTemplateIds","line":267,"loc":{"start":{"line":267,"column":4},"end":{"line":307,"column":4}}},"10":{"name":"getActiveTemplateIdsLegacy","line":316,"loc":{"start":{"line":316,"column":4},"end":{"line":329,"column":4}}},"11":{"name":"templateExists","line":336,"loc":{"start":{"line":336,"column":4},"end":{"line":338,"column":4}}},"12":{"name":"isTemplateActive","line":345,"loc":{"start":{"line":345,"column":4},"end":{"line":347,"column":4}}},"13":{"name":"getTemplateCount","line":353,"loc":{"start":{"line":353,"column":4},"end":{"line":355,"column":4}}},"14":{"name":"getActiveTemplateCount","line":362,"loc":{"start":{"line":362,"column":4},"end":{"line":364,"column":4}}}},"statementMap":{"1":{"start":{"line":100,"column":8},"end":{"line":100,"column":59}},"2":{"start":{"line":112,"column":8},"end":{"line":112,"column":3808}},"3":{"start":{"line":115,"column":8},"end":{"line":115,"column":3945}},"4":{"start":{"line":136,"column":8},"end":{"line":136,"column":4689}},"5":{"start":{"line":139,"column":8},"end":{"line":139,"column":4796}},"6":{"start":{"line":144,"column":8},"end":{"line":144,"column":24}},"7":{"start":{"line":148,"column":8},"end":{"line":148,"column":65}},"8":{"start":{"line":152,"column":8},"end":{"line":152,"column":5274}},"9":{"start":{"line":155,"column":12},"end":{"line":155,"column":66}},"10":{"start":{"line":161,"column":8},"end":{"line":161,"column":39}},"11":{"start":{"line":164,"column":8},"end":{"line":164,"column":59}},"12":{"start":{"line":177,"column":8},"end":{"line":177,"column":6154}},"13":{"start":{"line":180,"column":8},"end":{"line":180,"column":6257}},"14":{"start":{"line":184,"column":8},"end":{"line":184,"column":57}},"15":{"start":{"line":187,"column":8},"end":{"line":187,"column":78}},"16":{"start":{"line":197,"column":8},"end":{"line":197,"column":6864}},"17":{"start":{"line":202,"column":8},"end":{"line":202,"column":7034}},"18":{"start":{"line":207,"column":8},"end":{"line":207,"column":44}},"19":{"start":{"line":216,"column":8},"end":{"line":216,"column":7437}},"20":{"start":{"line":221,"column":8},"end":{"line":221,"column":7609}},"21":{"start":{"line":226,"column":8},"end":{"line":226,"column":44}},"22":{"start":{"line":240,"column":8},"end":{"line":240,"column":8232}},"23":{"start":{"line":243,"column":8},"end":{"line":243,"column":8335}},"24":{"start":{"line":247,"column":8},"end":{"line":247,"column":36}},"25":{"start":{"line":255,"column":8},"end":{"line":255,"column":30}},"26":{"start":{"line":278,"column":8},"end":{"line":278,"column":9486}},"27":{"start":{"line":279,"column":12},"end":{"line":279,"column":44}},"28":{"start":{"line":283,"column":8},"end":{"line":283,"column":36}},"29":{"start":{"line":284,"column":8},"end":{"line":284,"column":9652}},"30":{"start":{"line":287,"column":8},"end":{"line":287,"column":41}},"31":{"start":{"line":291,"column":8},"end":{"line":291,"column":32}},"32":{"start":{"line":292,"column":8},"end":{"line":292,"column":30}},"33":{"start":{"line":295,"column":8},"end":{"line":295,"column":9983}},"34":{"start":{"line":296,"column":12},"end":{"line":296,"column":10074}},"35":{"start":{"line":298,"column":16},"end":{"line":298,"column":10178}},"36":{"start":{"line":306,"column":8},"end":{"line":306,"column":35}},"37":{"start":{"line":318,"column":8},"end":{"line":318,"column":78}},"38":{"start":{"line":319,"column":8},"end":{"line":319,"column":32}},"39":{"start":{"line":321,"column":8},"end":{"line":321,"column":11008}},"40":{"start":{"line":322,"column":12},"end":{"line":322,"column":11079}},"41":{"start":{"line":328,"column":8},"end":{"line":328,"column":30}},"42":{"start":{"line":337,"column":8},"end":{"line":337,"column":42}},"43":{"start":{"line":346,"column":8},"end":{"line":346,"column":66}},"44":{"start":{"line":354,"column":8},"end":{"line":354,"column":37}},"45":{"start":{"line":363,"column":8},"end":{"line":363,"column":35}}},"branchMap":{"1":{"line":100,"type":"if","locations":[{"start":{"line":100,"column":8},"end":{"line":100,"column":8}},{"start":{"line":100,"column":8},"end":{"line":100,"column":8}}]},"2":{"line":115,"type":"if","locations":[{"start":{"line":115,"column":8},"end":{"line":115,"column":8}},{"start":{"line":115,"column":8},"end":{"line":115,"column":8}}]},"3":{"line":135,"type":"if","locations":[{"start":{"line":135,"column":15},"end":{"line":135,"column":15}},{"start":{"line":135,"column":15},"end":{"line":135,"column":15}}]},"4":{"line":136,"type":"if","locations":[{"start":{"line":136,"column":8},"end":{"line":136,"column":8}},{"start":{"line":136,"column":8},"end":{"line":136,"column":8}}]},"5":{"line":139,"type":"if","locations":[{"start":{"line":139,"column":8},"end":{"line":139,"column":8}},{"start":{"line":139,"column":8},"end":{"line":139,"column":8}}]},"6":{"line":148,"type":"if","locations":[{"start":{"line":148,"column":8},"end":{"line":148,"column":8}},{"start":{"line":148,"column":8},"end":{"line":148,"column":8}}]},"7":{"line":176,"type":"if","locations":[{"start":{"line":176,"column":15},"end":{"line":176,"column":15}},{"start":{"line":176,"column":15},"end":{"line":176,"column":15}}]},"8":{"line":177,"type":"if","locations":[{"start":{"line":177,"column":8},"end":{"line":177,"column":8}},{"start":{"line":177,"column":8},"end":{"line":177,"column":8}}]},"9":{"line":180,"type":"if","locations":[{"start":{"line":180,"column":8},"end":{"line":180,"column":8}},{"start":{"line":180,"column":8},"end":{"line":180,"column":8}}]},"10":{"line":196,"type":"if","locations":[{"start":{"line":196,"column":61},"end":{"line":196,"column":61}},{"start":{"line":196,"column":61},"end":{"line":196,"column":61}}]},"11":{"line":197,"type":"if","locations":[{"start":{"line":197,"column":8},"end":{"line":197,"column":8}},{"start":{"line":197,"column":8},"end":{"line":197,"column":8}}]},"12":{"line":202,"type":"if","locations":[{"start":{"line":202,"column":8},"end":{"line":202,"column":8}},{"start":{"line":202,"column":8},"end":{"line":202,"column":8}}]},"13":{"line":215,"type":"if","locations":[{"start":{"line":215,"column":61},"end":{"line":215,"column":61}},{"start":{"line":215,"column":61},"end":{"line":215,"column":61}}]},"14":{"line":216,"type":"if","locations":[{"start":{"line":216,"column":8},"end":{"line":216,"column":8}},{"start":{"line":216,"column":8},"end":{"line":216,"column":8}}]},"15":{"line":221,"type":"if","locations":[{"start":{"line":221,"column":8},"end":{"line":221,"column":8}},{"start":{"line":221,"column":8},"end":{"line":221,"column":8}}]},"16":{"line":240,"type":"if","locations":[{"start":{"line":240,"column":8},"end":{"line":240,"column":8}},{"start":{"line":240,"column":8},"end":{"line":240,"column":8}}]},"17":{"line":243,"type":"if","locations":[{"start":{"line":243,"column":8},"end":{"line":243,"column":8}},{"start":{"line":243,"column":8},"end":{"line":243,"column":8}}]},"18":{"line":278,"type":"if","locations":[{"start":{"line":278,"column":8},"end":{"line":278,"column":8}},{"start":{"line":278,"column":8},"end":{"line":278,"column":8}}]},"19":{"line":284,"type":"if","locations":[{"start":{"line":284,"column":8},"end":{"line":284,"column":8}},{"start":{"line":284,"column":8},"end":{"line":284,"column":8}}]},"20":{"line":296,"type":"if","locations":[{"start":{"line":296,"column":12},"end":{"line":296,"column":12}},{"start":{"line":296,"column":12},"end":{"line":296,"column":12}}]},"21":{"line":298,"type":"if","locations":[{"start":{"line":298,"column":16},"end":{"line":298,"column":16}},{"start":{"line":298,"column":16},"end":{"line":298,"column":16}}]},"22":{"line":322,"type":"if","locations":[{"start":{"line":322,"column":12},"end":{"line":322,"column":12}},{"start":{"line":322,"column":12},"end":{"line":322,"column":12}}]}}},"contracts/core/MasterRegistry.sol":{"l":{"89":0,"90":0,"94":0,"95":0,"101":0,"102":0,"103":0,"119":0,"120":0,"122":0,"125":0,"126":0,"127":0,"128":0,"131":0,"132":0,"134":0,"143":0,"144":0,"145":0,"153":0,"154":0,"157":0,"158":0,"160":0,"162":0,"163":0,"164":0,"167":0,"168":0,"169":0,"170":0,"172":0,"174":0,"187":0,"188":0,"191":0,"192":0,"193":0,"194":0,"196":0,"199":0,"200":0,"201":0,"202":0,"205":0,"206":0,"209":0,"210":0,"214":0,"228":0,"230":0,"231":0,"240":0,"242":0,"243":0,"244":0,"246":0,"254":0,"256":0,"257":0,"259":0,"266":0,"267":0,"268":0,"275":0,"276":0,"277":0,"288":0,"300":0,"301":0,"304":0,"305":0,"306":0,"307":0,"310":0,"318":0,"331":0,"332":0,"333":0,"334":0},"path":"/Users/seman/Desktop/kektechbmad100/expansion-packs/bmad-blockchain-dev/contracts/core/MasterRegistry.sol","s":{"1":0,"2":0,"3":0,"4":0,"5":0,"6":0,"7":0,"8":0,"9":0,"10":0,"11":0,"12":0,"13":0,"14":0,"15":0,"16":0,"17":0,"18":0,"19":0,"20":0,"21":0,"22":0,"23":0,"24":0,"25":0,"26":0,"27":0,"28":0,"29":0,"30":0,"31":0,"32":0,"33":0,"34":0,"35":0,"36":0,"37":0,"38":0,"39":0,"40":0,"41":0,"42":0,"43":0,"44":0,"45":0,"46":0,"47":0,"48":0},"b":{"1":[0,0],"2":[0,0],"3":[0,0],"4":[0,0],"5":[0,0],"6":[0,0],"7":[0,0],"8":[0,0],"9":[0,0],"10":[0,0],"11":[0,0],"12":[0,0],"13":[0,0],"14":[0,0],"15":[0,0],"16":[0,0],"17":[0,0],"18":[0,0],"19":[0,0],"20":[0,0],"21":[0,0],"22":[0,0],"23":[0,0],"24":[0,0],"25":[0,0],"26":[0,0],"27":[0,0]},"f":{"1":0,"2":0,"3":0,"4":0,"5":0,"6":0,"7":0,"8":0,"9":0,"10":0,"11":0,"12":0,"13":0,"14":0,"15":0,"16":0},"fnMap":{"1":{"name":"onlyOwner","line":88,"loc":{"start":{"line":88,"column":4},"end":{"line":91,"column":4}}},"2":{"name":"whenNotPaused","line":93,"loc":{"start":{"line":93,"column":4},"end":{"line":96,"column":4}}},"3":{"name":"constructor","line":100,"loc":{"start":{"line":100,"column":4},"end":{"line":104,"column":4}}},"4":{"name":"setContract","line":117,"loc":{"start":{"line":114,"column":4},"end":{"line":135,"column":4}}},"5":{"name":"getContract","line":142,"loc":{"start":{"line":142,"column":4},"end":{"line":146,"column":4}}},"6":{"name":"removeContract","line":152,"loc":{"start":{"line":152,"column":4},"end":{"line":175,"column":4}}},"7":{"name":"batchSetContracts","line":186,"loc":{"start":{"line":183,"column":4},"end":{"line":215,"column":4}}},"8":{"name":"transferOwnership","line":227,"loc":{"start":{"line":227,"column":4},"end":{"line":232,"column":4}}},"9":{"name":"acceptOwnership","line":239,"loc":{"start":{"line":239,"column":4},"end":{"line":247,"column":4}}},"10":{"name":"cancelOwnershipTransfer","line":253,"loc":{"start":{"line":253,"column":4},"end":{"line":260,"column":4}}},"11":{"name":"pause","line":265,"loc":{"start":{"line":265,"column":4},"end":{"line":269,"column":4}}},"12":{"name":"unpause","line":274,"loc":{"start":{"line":274,"column":4},"end":{"line":278,"column":4}}},"13":{"name":"contractExists","line":287,"loc":{"start":{"line":287,"column":4},"end":{"line":289,"column":4}}},"14":{"name":"getAllContracts","line":296,"loc":{"start":{"line":296,"column":4},"end":{"line":311,"column":4}}},"15":{"name":"getContractCount","line":317,"loc":{"start":{"line":317,"column":4},"end":{"line":319,"column":4}}},"16":{"name":"getContractAt","line":327,"loc":{"start":{"line":327,"column":4},"end":{"line":335,"column":4}}}},"statementMap":{"1":{"start":{"line":89,"column":8},"end":{"line":89,"column":50}},"2":{"start":{"line":94,"column":8},"end":{"line":94,"column":43}},"3":{"start":{"line":119,"column":8},"end":{"line":119,"column":63}},"4":{"start":{"line":120,"column":8},"end":{"line":120,"column":50}},"5":{"start":{"line":122,"column":8},"end":{"line":122,"column":43}},"6":{"start":{"line":125,"column":8},"end":{"line":125,"column":3699}},"7":{"start":{"line":126,"column":12},"end":{"line":126,"column":33}},"8":{"start":{"line":134,"column":8},"end":{"line":134,"column":79}},"9":{"start":{"line":143,"column":8},"end":{"line":143,"column":48}},"10":{"start":{"line":144,"column":8},"end":{"line":144,"column":71}},"11":{"start":{"line":145,"column":8},"end":{"line":145,"column":30}},"12":{"start":{"line":153,"column":8},"end":{"line":153,"column":48}},"13":{"start":{"line":154,"column":8},"end":{"line":154,"column":71}},"14":{"start":{"line":157,"column":8},"end":{"line":157,"column":37}},"15":{"start":{"line":158,"column":8},"end":{"line":158,"column":47}},"16":{"start":{"line":160,"column":8},"end":{"line":160,"column":4867}},"17":{"start":{"line":162,"column":12},"end":{"line":162,"column":57}},"18":{"start":{"line":167,"column":8},"end":{"line":167,"column":25}},"19":{"start":{"line":174,"column":8},"end":{"line":174,"column":79}},"20":{"start":{"line":187,"column":8},"end":{"line":187,"column":68}},"21":{"start":{"line":188,"column":8},"end":{"line":188,"column":49}},"22":{"start":{"line":191,"column":8},"end":{"line":191,"column":40}},"23":{"start":{"line":192,"column":8},"end":{"line":192,"column":5989}},"24":{"start":{"line":193,"column":12},"end":{"line":193,"column":64}},"25":{"start":{"line":194,"column":12},"end":{"line":194,"column":58}},"26":{"start":{"line":196,"column":12},"end":{"line":196,"column":51}},"27":{"start":{"line":199,"column":12},"end":{"line":199,"column":6276}},"28":{"start":{"line":200,"column":16},"end":{"line":200,"column":41}},"29":{"start":{"line":206,"column":12},"end":{"line":206,"column":84}},"30":{"start":{"line":228,"column":8},"end":{"line":228,"column":56}},"31":{"start":{"line":231,"column":8},"end":{"line":231,"column":54}},"32":{"start":{"line":240,"column":8},"end":{"line":240,"column":64}},"33":{"start":{"line":242,"column":8},"end":{"line":242,"column":32}},"34":{"start":{"line":246,"column":8},"end":{"line":246,"column":50}},"35":{"start":{"line":254,"column":8},"end":{"line":254,"column":75}},"36":{"start":{"line":256,"column":8},"end":{"line":256,"column":40}},"37":{"start":{"line":259,"column":8},"end":{"line":259,"column":50}},"38":{"start":{"line":267,"column":8},"end":{"line":267,"column":33}},"39":{"start":{"line":268,"column":8},"end":{"line":268,"column":76}},"40":{"start":{"line":276,"column":8},"end":{"line":276,"column":34}},"41":{"start":{"line":277,"column":8},"end":{"line":277,"column":78}},"42":{"start":{"line":288,"column":8},"end":{"line":288,"column":43}},"43":{"start":{"line":304,"column":8},"end":{"line":304,"column":40}},"44":{"start":{"line":305,"column":8},"end":{"line":305,"column":9649}},"45":{"start":{"line":310,"column":8},"end":{"line":310,"column":32}},"46":{"start":{"line":318,"column":8},"end":{"line":318,"column":34}},"47":{"start":{"line":331,"column":8},"end":{"line":331,"column":66}},"48":{"start":{"line":334,"column":8},"end":{"line":334,"column":37}}},"branchMap":{"1":{"line":89,"type":"if","locations":[{"start":{"line":89,"column":8},"end":{"line":89,"column":8}},{"start":{"line":89,"column":8},"end":{"line":89,"column":8}}]},"2":{"line":94,"type":"if","locations":[{"start":{"line":94,"column":8},"end":{"line":94,"column":8}},{"start":{"line":94,"column":8},"end":{"line":94,"column":8}}]},"3":{"line":116,"type":"if","locations":[{"start":{"line":116,"column":8},"end":{"line":116,"column":8}},{"start":{"line":116,"column":8},"end":{"line":116,"column":8}}]},"4":{"line":117,"type":"if","locations":[{"start":{"line":117,"column":8},"end":{"line":117,"column":8}},{"start":{"line":117,"column":8},"end":{"line":117,"column":8}}]},"5":{"line":119,"type":"if","locations":[{"start":{"line":119,"column":8},"end":{"line":119,"column":8}},{"start":{"line":119,"column":8},"end":{"line":119,"column":8}}]},"6":{"line":120,"type":"if","locations":[{"start":{"line":120,"column":8},"end":{"line":120,"column":8}},{"start":{"line":120,"column":8},"end":{"line":120,"column":8}}]},"7":{"line":125,"type":"if","locations":[{"start":{"line":125,"column":8},"end":{"line":125,"column":8}},{"start":{"line":125,"column":8},"end":{"line":125,"column":8}}]},"8":{"line":144,"type":"if","locations":[{"start":{"line":144,"column":8},"end":{"line":144,"column":8}},{"start":{"line":144,"column":8},"end":{"line":144,"column":8}}]},"9":{"line":152,"type":"if","locations":[{"start":{"line":152,"column":50},"end":{"line":152,"column":50}},{"start":{"line":152,"column":50},"end":{"line":152,"column":50}}]},"10":{"line":152,"type":"if","locations":[{"start":{"line":152,"column":60},"end":{"line":152,"column":60}},{"start":{"line":152,"column":60},"end":{"line":152,"column":60}}]},"11":{"line":154,"type":"if","locations":[{"start":{"line":154,"column":8},"end":{"line":154,"column":8}},{"start":{"line":154,"column":8},"end":{"line":154,"column":8}}]},"12":{"line":160,"type":"if","locations":[{"start":{"line":160,"column":8},"end":{"line":160,"column":8}},{"start":{"line":160,"column":8},"end":{"line":160,"column":8}}]},"13":{"line":186,"type":"if","locations":[{"start":{"line":186,"column":15},"end":{"line":186,"column":15}},{"start":{"line":186,"column":15},"end":{"line":186,"column":15}}]},"14":{"line":186,"type":"if","locations":[{"start":{"line":186,"column":25},"end":{"line":186,"column":25}},{"start":{"line":186,"column":25},"end":{"line":186,"column":25}}]},"15":{"line":187,"type":"if","locations":[{"start":{"line":187,"column":8},"end":{"line":187,"column":8}},{"start":{"line":187,"column":8},"end":{"line":187,"column":8}}]},"16":{"line":188,"type":"if","locations":[{"start":{"line":188,"column":8},"end":{"line":188,"column":8}},{"start":{"line":188,"column":8},"end":{"line":188,"column":8}}]},"17":{"line":193,"type":"if","locations":[{"start":{"line":193,"column":12},"end":{"line":193,"column":12}},{"start":{"line":193,"column":12},"end":{"line":193,"column":12}}]},"18":{"line":194,"type":"if","locations":[{"start":{"line":194,"column":12},"end":{"line":194,"column":12}},{"start":{"line":194,"column":12},"end":{"line":194,"column":12}}]},"19":{"line":199,"type":"if","locations":[{"start":{"line":199,"column":12},"end":{"line":199,"column":12}},{"start":{"line":199,"column":12},"end":{"line":199,"column":12}}]},"20":{"line":227,"type":"if","locations":[{"start":{"line":227,"column":58},"end":{"line":227,"column":58}},{"start":{"line":227,"column":58},"end":{"line":227,"column":58}}]},"21":{"line":228,"type":"if","locations":[{"start":{"line":228,"column":8},"end":{"line":228,"column":8}},{"start":{"line":228,"column":8},"end":{"line":228,"column":8}}]},"22":{"line":240,"type":"if","locations":[{"start":{"line":240,"column":8},"end":{"line":240,"column":8}},{"start":{"line":240,"column":8},"end":{"line":240,"column":8}}]},"23":{"line":253,"type":"if","locations":[{"start":{"line":253,"column":48},"end":{"line":253,"column":48}},{"start":{"line":253,"column":48},"end":{"line":253,"column":48}}]},"24":{"line":254,"type":"if","locations":[{"start":{"line":254,"column":8},"end":{"line":254,"column":8}},{"start":{"line":254,"column":8},"end":{"line":254,"column":8}}]},"25":{"line":265,"type":"if","locations":[{"start":{"line":265,"column":30},"end":{"line":265,"column":30}},{"start":{"line":265,"column":30},"end":{"line":265,"column":30}}]},"26":{"line":274,"type":"if","locations":[{"start":{"line":274,"column":32},"end":{"line":274,"column":32}},{"start":{"line":274,"column":32},"end":{"line":274,"column":32}}]},"27":{"line":331,"type":"if","locations":[{"start":{"line":331,"column":8},"end":{"line":331,"column":8}},{"start":{"line":331,"column":8},"end":{"line":331,"column":8}}]}}},"contracts/core/ParameterStorage.sol":{"l":{"43":0,"44":0,"52":0,"53":0,"56":0,"57":0,"59":0,"63":0,"64":0,"65":0,"67":0,"68":0,"71":0,"86":0,"89":0,"90":0,"91":0,"94":0,"96":0,"105":0,"106":0,"115":0,"126":0,"127":0,"129":0,"138":0,"149":0,"151":0,"152":0,"154":0,"163":0,"178":0,"180":0,"186":0,"196":0,"197":0,"205":0,"206":0,"220":0,"221":0,"224":0,"225":0,"227":0,"228":0,"229":0,"231":0,"232":0,"236":0,"239":0,"240":0,"241":0,"244":0,"246":0,"248":0,"263":0,"264":0,"267":0,"268":0,"269":0,"270":0,"273":0,"281":0},"path":"/Users/seman/Desktop/kektechbmad100/expansion-packs/bmad-blockchain-dev/contracts/core/ParameterStorage.sol","s":{"1":0,"2":0,"3":0,"4":0,"5":0,"6":0,"7":0,"8":0,"9":0,"10":0,"11":0,"12":0,"13":0,"14":0,"15":0,"16":0,"17":0,"18":0,"19":0,"20":0,"21":0,"22":0,"23":0,"24":0,"25":0,"26":0,"27":0,"28":0,"29":0,"30":0,"31":0,"32":0,"33":0,"34":0,"35":0,"36":0,"37":0,"38":0,"39":0,"40":0,"41":0},"b":{"1":[0,0],"2":[0,0],"3":[0,0],"4":[0,0],"5":[0,0],"6":[0,0],"7":[0,0],"8":[0,0],"9":[0,0],"10":[0,0],"11":[0,0],"12":[0,0],"13":[0,0],"14":[0,0],"15":[0,0],"16":[0,0],"17":[0,0],"18":[0,0],"19":[0,0],"20":[0,0],"21":[0,0],"22":[0,0]},"f":{"1":0,"2":0,"3":0,"4":0,"5":0,"6":0,"7":0,"8":0,"9":0,"10":0,"11":0,"12":0,"13":0,"14":0,"15":0,"16":0},"fnMap":{"1":{"name":"constructor","line":42,"loc":{"start":{"line":42,"column":4},"end":{"line":45,"column":4}}},"2":{"name":"onlyAuthorized","line":49,"loc":{"start":{"line":49,"column":4},"end":{"line":60,"column":4}}},"3":{"name":"validateValue","line":62,"loc":{"start":{"line":62,"column":4},"end":{"line":72,"column":4}}},"4":{"name":"setParameter","line":84,"loc":{"start":{"line":81,"column":4},"end":{"line":97,"column":4}}},"5":{"name":"getParameter","line":104,"loc":{"start":{"line":104,"column":4},"end":{"line":107,"column":4}}},"6":{"name":"parameterExists","line":114,"loc":{"start":{"line":114,"column":4},"end":{"line":116,"column":4}}},"7":{"name":"setBoolParameter","line":125,"loc":{"start":{"line":125,"column":4},"end":{"line":130,"column":4}}},"8":{"name":"getBoolParameter","line":137,"loc":{"start":{"line":137,"column":4},"end":{"line":139,"column":4}}},"9":{"name":"setAddressParameter","line":148,"loc":{"start":{"line":148,"column":4},"end":{"line":155,"column":4}}},"10":{"name":"getAddressParameter","line":162,"loc":{"start":{"line":162,"column":4},"end":{"line":164,"column":4}}},"11":{"name":"setGuardrails","line":176,"loc":{"start":{"line":174,"column":4},"end":{"line":187,"column":4}}},"12":{"name":"getGuardrails","line":195,"loc":{"start":{"line":195,"column":4},"end":{"line":198,"column":4}}},"13":{"name":"setExperimentalMode","line":204,"loc":{"start":{"line":204,"column":4},"end":{"line":207,"column":4}}},"14":{"name":"batchSetParameters","line":219,"loc":{"start":{"line":216,"column":4},"end":{"line":250,"column":4}}},"15":{"name":"getAllParameters","line":259,"loc":{"start":{"line":259,"column":4},"end":{"line":274,"column":4}}},"16":{"name":"getParameterCount","line":280,"loc":{"start":{"line":280,"column":4},"end":{"line":282,"column":4}}}},"statementMap":{"1":{"start":{"line":43,"column":8},"end":{"line":43,"column":59}},"2":{"start":{"line":52,"column":8},"end":{"line":52,"column":84}},"3":{"start":{"line":53,"column":8},"end":{"line":53,"column":69}},"4":{"start":{"line":56,"column":8},"end":{"line":56,"column":1853}},"5":{"start":{"line":63,"column":8},"end":{"line":63,"column":2039}},"6":{"start":{"line":64,"column":12},"end":{"line":64,"column":2106}},"7":{"start":{"line":67,"column":12},"end":{"line":67,"column":2237}},"8":{"start":{"line":86,"column":8},"end":{"line":86,"column":42}},"9":{"start":{"line":89,"column":8},"end":{"line":89,"column":2802}},"10":{"start":{"line":90,"column":12},"end":{"line":90,"column":34}},"11":{"start":{"line":96,"column":8},"end":{"line":96,"column":68}},"12":{"start":{"line":105,"column":8},"end":{"line":105,"column":64}},"13":{"start":{"line":106,"column":8},"end":{"line":106,"column":30}},"14":{"start":{"line":115,"column":8},"end":{"line":115,"column":33}},"15":{"start":{"line":126,"column":8},"end":{"line":126,"column":43}},"16":{"start":{"line":129,"column":8},"end":{"line":129,"column":72}},"17":{"start":{"line":138,"column":8},"end":{"line":138,"column":34}},"18":{"start":{"line":149,"column":8},"end":{"line":149,"column":54}},"19":{"start":{"line":151,"column":8},"end":{"line":151,"column":49}},"20":{"start":{"line":154,"column":8},"end":{"line":154,"column":75}},"21":{"start":{"line":163,"column":8},"end":{"line":163,"column":37}},"22":{"start":{"line":178,"column":8},"end":{"line":178,"column":48}},"23":{"start":{"line":186,"column":8},"end":{"line":186,"column":44}},"24":{"start":{"line":196,"column":8},"end":{"line":196,"column":44}},"25":{"start":{"line":197,"column":8},"end":{"line":197,"column":29}},"26":{"start":{"line":206,"column":8},"end":{"line":206,"column":45}},"27":{"start":{"line":220,"column":8},"end":{"line":220,"column":63}},"28":{"start":{"line":221,"column":8},"end":{"line":221,"column":47}},"29":{"start":{"line":224,"column":8},"end":{"line":224,"column":40}},"30":{"start":{"line":225,"column":8},"end":{"line":225,"column":6849}},"31":{"start":{"line":227,"column":12},"end":{"line":227,"column":6977}},"32":{"start":{"line":228,"column":16},"end":{"line":228,"column":7052}},"33":{"start":{"line":231,"column":16},"end":{"line":231,"column":7211}},"34":{"start":{"line":236,"column":12},"end":{"line":236,"column":50}},"35":{"start":{"line":239,"column":12},"end":{"line":239,"column":7471}},"36":{"start":{"line":240,"column":16},"end":{"line":240,"column":42}},"37":{"start":{"line":246,"column":12},"end":{"line":246,"column":80}},"38":{"start":{"line":267,"column":8},"end":{"line":267,"column":40}},"39":{"start":{"line":268,"column":8},"end":{"line":268,"column":8326}},"40":{"start":{"line":273,"column":8},"end":{"line":273,"column":29}},"41":{"start":{"line":281,"column":8},"end":{"line":281,"column":35}}},"branchMap":{"1":{"line":43,"type":"if","locations":[{"start":{"line":43,"column":8},"end":{"line":43,"column":8}},{"start":{"line":43,"column":8},"end":{"line":43,"column":8}}]},"2":{"line":56,"type":"if","locations":[{"start":{"line":56,"column":8},"end":{"line":56,"column":8}},{"start":{"line":56,"column":8},"end":{"line":56,"column":8}}]},"3":{"line":63,"type":"if","locations":[{"start":{"line":63,"column":8},"end":{"line":63,"column":8}},{"start":{"line":63,"column":8},"end":{"line":63,"column":8}}]},"4":{"line":64,"type":"if","locations":[{"start":{"line":64,"column":12},"end":{"line":64,"column":12}},{"start":{"line":64,"column":12},"end":{"line":64,"column":12}}]},"5":{"line":67,"type":"if","locations":[{"start":{"line":67,"column":12},"end":{"line":67,"column":12}},{"start":{"line":67,"column":12},"end":{"line":67,"column":12}}]},"6":{"line":83,"type":"if","locations":[{"start":{"line":83,"column":8},"end":{"line":83,"column":8}},{"start":{"line":83,"column":8},"end":{"line":83,"column":8}}]},"7":{"line":84,"type":"if","locations":[{"start":{"line":84,"column":8},"end":{"line":84,"column":8}},{"start":{"line":84,"column":8},"end":{"line":84,"column":8}}]},"8":{"line":89,"type":"if","locations":[{"start":{"line":89,"column":8},"end":{"line":89,"column":8}},{"start":{"line":89,"column":8},"end":{"line":89,"column":8}}]},"9":{"line":105,"type":"if","locations":[{"start":{"line":105,"column":8},"end":{"line":105,"column":8}},{"start":{"line":105,"column":8},"end":{"line":105,"column":8}}]},"10":{"line":125,"type":"if","locations":[{"start":{"line":125,"column":64},"end":{"line":125,"column":64}},{"start":{"line":125,"column":64},"end":{"line":125,"column":64}}]},"11":{"line":148,"type":"if","locations":[{"start":{"line":148,"column":70},"end":{"line":148,"column":70}},{"start":{"line":148,"column":70},"end":{"line":148,"column":70}}]},"12":{"line":149,"type":"if","locations":[{"start":{"line":149,"column":8},"end":{"line":149,"column":8}},{"start":{"line":149,"column":8},"end":{"line":149,"column":8}}]},"13":{"line":176,"type":"if","locations":[{"start":{"line":176,"column":8},"end":{"line":176,"column":8}},{"start":{"line":176,"column":8},"end":{"line":176,"column":8}}]},"14":{"line":178,"type":"if","locations":[{"start":{"line":178,"column":8},"end":{"line":178,"column":8}},{"start":{"line":178,"column":8},"end":{"line":178,"column":8}}]},"15":{"line":204,"type":"if","locations":[{"start":{"line":204,"column":56},"end":{"line":204,"column":56}},{"start":{"line":204,"column":56},"end":{"line":204,"column":56}}]},"16":{"line":219,"type":"if","locations":[{"start":{"line":219,"column":15},"end":{"line":219,"column":15}},{"start":{"line":219,"column":15},"end":{"line":219,"column":15}}]},"17":{"line":220,"type":"if","locations":[{"start":{"line":220,"column":8},"end":{"line":220,"column":8}},{"start":{"line":220,"column":8},"end":{"line":220,"column":8}}]},"18":{"line":221,"type":"if","locations":[{"start":{"line":221,"column":8},"end":{"line":221,"column":8}},{"start":{"line":221,"column":8},"end":{"line":221,"column":8}}]},"19":{"line":227,"type":"if","locations":[{"start":{"line":227,"column":12},"end":{"line":227,"column":12}},{"start":{"line":227,"column":12},"end":{"line":227,"column":12}}]},"20":{"line":228,"type":"if","locations":[{"start":{"line":228,"column":16},"end":{"line":228,"column":16}},{"start":{"line":228,"column":16},"end":{"line":228,"column":16}}]},"21":{"line":231,"type":"if","locations":[{"start":{"line":231,"column":16},"end":{"line":231,"column":16}},{"start":{"line":231,"column":16},"end":{"line":231,"column":16}}]},"22":{"line":239,"type":"if","locations":[{"start":{"line":239,"column":12},"end":{"line":239,"column":12}},{"start":{"line":239,"column":12},"end":{"line":239,"column":12}}]}}},"contracts/core/PredictionMarket.sol":{"l":{"94":0,"118":0,"119":0,"120":0,"121":0,"122":0,"123":0,"127":0,"128":0,"132":0,"134":0,"135":0,"136":0,"137":0,"138":0,"139":0,"140":0,"141":0,"142":0,"157":0,"158":0,"160":0,"161":0,"162":0,"163":0,"164":0,"165":0,"166":0,"169":0,"175":0,"176":0,"182":0,"183":0,"190":0,"191":0,"192":0,"194":0,"195":0,"200":0,"203":0,"204":0,"208":0,"210":0,"211":0,"212":0,"215":0,"216":0,"219":0,"220":0,"222":0,"225":0,"226":0,"235":0,"236":0,"237":0,"238":0,"241":0,"242":0,"244":0,"245":0,"246":0,"248":0,"249":0,"253":0,"254":0,"256":0,"257":0,"258":0,"264":0,"265":0,"267":0,"275":0,"277":0,"278":0,"279":0,"282":0,"283":0,"286":0,"287":0,"290":0,"291":0,"294":0,"295":0,"298":0,"299":0,"301":0,"310":0,"313":0,"314":0,"315":0,"317":0,"318":0,"321":0,"322":0,"324":0,"332":0,"334":0,"335":0,"336":0,"339":0,"342":0,"343":0,"345":0,"346":0,"348":0,"358":0,"378":0,"388":0,"390":0,"391":0,"394":0,"396":0,"399":0,"401":0,"406":0,"407":0,"417":0,"419":0,"420":0,"422":0,"423":0,"424":0,"428":0,"430":0,"432":0,"433":0,"435":0,"439":0,"442":0,"445":0,"447":0,"456":0,"464":0,"473":0,"475":0,"476":0,"486":0,"487":0,"488":0,"496":0,"497":0,"498":0},"path":"/Users/seman/Desktop/kektechbmad100/expansion-packs/bmad-blockchain-dev/contracts/core/PredictionMarket.sol","s":{"1":0,"2":0,"3":0,"4":0,"5":0,"6":0,"7":0,"8":0,"9":0,"10":0,"11":0,"12":0,"13":0,"14":0,"15":0,"16":0,"17":0,"18":0,"19":0,"20":0,"21":0,"22":0,"23":0,"24":0,"25":0,"26":0,"27":0,"28":0,"29":0,"30":0,"31":0,"32":0,"33":0,"34":0,"35":0,"36":0,"37":0,"38":0,"39":0,"40":0,"41":0,"42":0,"43":0,"44":0,"45":0,"46":0,"47":0,"48":0,"49":0,"50":0,"51":0,"52":0,"53":0,"54":0,"55":0,"56":0,"57":0,"58":0,"59":0,"60":0,"61":0,"62":0,"63":0,"64":0,"65":0,"66":0,"67":0,"68":0,"69":0,"70":0,"71":0,"72":0,"73":0,"74":0,"75":0,"76":0,"77":0,"78":0,"79":0,"80":0,"81":0,"82":0,"83":0,"84":0,"85":0,"86":0,"87":0,"88":0,"89":0,"90":0,"91":0,"92":0,"93":0,"94":0,"95":0,"96":0,"97":0,"98":0,"99":0,"100":0,"101":0,"102":0,"103":0,"104":0,"105":0,"106":0},"b":{"1":[0,0],"2":[0,0],"3":[0,0],"4":[0,0],"5":[0,0],"6":[0,0],"7":[0,0],"8":[0,0],"9":[0,0],"10":[0,0],"11":[0,0],"12":[0,0],"13":[0,0],"14":[0,0],"15":[0,0],"16":[0,0],"17":[0,0],"18":[0,0],"19":[0,0],"20":[0,0],"21":[0,0],"22":[0,0],"23":[0,0],"24":[0,0],"25":[0,0],"26":[0,0],"27":[0,0],"28":[0,0],"29":[0,0],"30":[0,0],"31":[0,0],"32":[0,0],"33":[0,0],"34":[0,0],"35":[0,0],"36":[0,0],"37":[0,0],"38":[0,0],"39":[0,0],"40":[0,0],"41":[0,0],"42":[0,0],"43":[0,0],"44":[0,0],"45":[0,0],"46":[0,0],"47":[0,0],"48":[0,0],"49":[0,0],"50":[0,0],"51":[0,0],"52":[0,0],"53":[0,0],"54":[0,0],"55":[0,0],"56":[0,0],"57":[0,0],"58":[0,0]},"f":{"1":0,"2":0,"3":0,"4":0,"5":0,"6":0,"7":0,"8":0,"9":0,"10":0,"11":0,"12":0,"13":0,"14":0,"15":0,"16":0},"fnMap":{"1":{"name":"constructor","line":93,"loc":{"start":{"line":93,"column":4},"end":{"line":95,"column":4}}},"2":{"name":"initialize","line":116,"loc":{"start":{"line":109,"column":4},"end":{"line":143,"column":4}}},"3":{"name":"placeBet","line":156,"loc":{"start":{"line":156,"column":4},"end":{"line":227,"column":4}}},"4":{"name":"resolveMarket","line":234,"loc":{"start":{"line":234,"column":4},"end":{"line":268,"column":4}}},"5":{"name":"claimWinnings","line":274,"loc":{"start":{"line":274,"column":4},"end":{"line":302,"column":4}}},"6":{"name":"cancelMarket","line":309,"loc":{"start":{"line":309,"column":4},"end":{"line":325,"column":4}}},"7":{"name":"claimRefund","line":331,"loc":{"start":{"line":331,"column":4},"end":{"line":349,"column":4}}},"8":{"name":"getMarketInfo","line":357,"loc":{"start":{"line":357,"column":4},"end":{"line":370,"column":4}}},"9":{"name":"getBetInfo","line":377,"loc":{"start":{"line":377,"column":4},"end":{"line":379,"column":4}}},"10":{"name":"getOdds","line":387,"loc":{"start":{"line":387,"column":4},"end":{"line":408,"column":4}}},"11":{"name":"calculatePayout","line":416,"loc":{"start":{"line":416,"column":4},"end":{"line":448,"column":4}}},"12":{"name":"getLiquidity","line":455,"loc":{"start":{"line":455,"column":4},"end":{"line":457,"column":4}}},"13":{"name":"canResolve","line":463,"loc":{"start":{"line":463,"column":4},"end":{"line":465,"column":4}}},"14":{"name":"hasWinnings","line":472,"loc":{"start":{"line":472,"column":4},"end":{"line":477,"column":4}}},"15":{"name":"_getParameterStorage","line":485,"loc":{"start":{"line":485,"column":4},"end":{"line":489,"column":4}}},"16":{"name":"_getAccessControlManager","line":495,"loc":{"start":{"line":495,"column":4},"end":{"line":499,"column":4}}}},"statementMap":{"1":{"start":{"line":118,"column":8},"end":{"line":118,"column":61}},"2":{"start":{"line":119,"column":8},"end":{"line":119,"column":60}},"3":{"start":{"line":120,"column":8},"end":{"line":120,"column":69}},"4":{"start":{"line":121,"column":8},"end":{"line":121,"column":3866}},"5":{"start":{"line":123,"column":8},"end":{"line":123,"column":78}},"6":{"start":{"line":127,"column":8},"end":{"line":127,"column":4203}},"7":{"start":{"line":132,"column":8},"end":{"line":132,"column":66}},"8":{"start":{"line":157,"column":8},"end":{"line":157,"column":5496}},"9":{"start":{"line":160,"column":8},"end":{"line":160,"column":43}},"10":{"start":{"line":161,"column":8},"end":{"line":161,"column":5624}},"11":{"start":{"line":163,"column":8},"end":{"line":163,"column":5688}},"12":{"start":{"line":165,"column":8},"end":{"line":165,"column":5771}},"13":{"start":{"line":169,"column":8},"end":{"line":169,"column":57}},"14":{"start":{"line":175,"column":8},"end":{"line":175,"column":6170}},"15":{"start":{"line":176,"column":12},"end":{"line":176,"column":56}},"16":{"start":{"line":182,"column":8},"end":{"line":182,"column":6433}},"17":{"start":{"line":183,"column":12},"end":{"line":183,"column":70}},"18":{"start":{"line":190,"column":8},"end":{"line":190,"column":6800}},"19":{"start":{"line":191,"column":12},"end":{"line":191,"column":59}},"20":{"start":{"line":192,"column":12},"end":{"line":192,"column":79}},"21":{"start":{"line":194,"column":12},"end":{"line":194,"column":6987}},"22":{"start":{"line":200,"column":8},"end":{"line":200,"column":47}},"23":{"start":{"line":203,"column":8},"end":{"line":203,"column":7232}},"24":{"start":{"line":208,"column":8},"end":{"line":208,"column":7369}},"25":{"start":{"line":219,"column":8},"end":{"line":219,"column":7641}},"26":{"start":{"line":225,"column":8},"end":{"line":225,"column":82}},"27":{"start":{"line":226,"column":8},"end":{"line":226,"column":62}},"28":{"start":{"line":235,"column":8},"end":{"line":235,"column":54}},"29":{"start":{"line":236,"column":8},"end":{"line":236,"column":79}},"30":{"start":{"line":237,"column":8},"end":{"line":237,"column":8357}},"31":{"start":{"line":241,"column":8},"end":{"line":241,"column":55}},"32":{"start":{"line":242,"column":8},"end":{"line":242,"column":83}},"33":{"start":{"line":244,"column":8},"end":{"line":244,"column":72}},"34":{"start":{"line":245,"column":8},"end":{"line":245,"column":92}},"35":{"start":{"line":246,"column":8},"end":{"line":246,"column":68}},"36":{"start":{"line":248,"column":8},"end":{"line":248,"column":8898}},"37":{"start":{"line":253,"column":8},"end":{"line":253,"column":43}},"38":{"start":{"line":254,"column":8},"end":{"line":254,"column":57}},"39":{"start":{"line":256,"column":8},"end":{"line":256,"column":9148}},"40":{"start":{"line":257,"column":12},"end":{"line":257,"column":9252}},"41":{"start":{"line":267,"column":8},"end":{"line":267,"column":65}},"42":{"start":{"line":275,"column":8},"end":{"line":275,"column":51}},"43":{"start":{"line":277,"column":8},"end":{"line":277,"column":47}},"44":{"start":{"line":278,"column":8},"end":{"line":278,"column":48}},"45":{"start":{"line":279,"column":8},"end":{"line":279,"column":48}},"46":{"start":{"line":282,"column":8},"end":{"line":282,"column":52}},"47":{"start":{"line":283,"column":8},"end":{"line":283,"column":44}},"48":{"start":{"line":286,"column":8},"end":{"line":286,"column":76}},"49":{"start":{"line":287,"column":8},"end":{"line":287,"column":75}},"50":{"start":{"line":290,"column":8},"end":{"line":290,"column":10432}},"51":{"start":{"line":298,"column":8},"end":{"line":298,"column":61}},"52":{"start":{"line":299,"column":8},"end":{"line":299,"column":45}},"53":{"start":{"line":301,"column":8},"end":{"line":301,"column":65}},"54":{"start":{"line":310,"column":8},"end":{"line":310,"column":54}},"55":{"start":{"line":313,"column":8},"end":{"line":313,"column":72}},"56":{"start":{"line":314,"column":8},"end":{"line":314,"column":86}},"57":{"start":{"line":315,"column":8},"end":{"line":315,"column":92}},"58":{"start":{"line":317,"column":8},"end":{"line":317,"column":11419}},"59":{"start":{"line":324,"column":8},"end":{"line":324,"column":64}},"60":{"start":{"line":332,"column":8},"end":{"line":332,"column":83}},"61":{"start":{"line":334,"column":8},"end":{"line":334,"column":47}},"62":{"start":{"line":335,"column":8},"end":{"line":335,"column":48}},"63":{"start":{"line":336,"column":8},"end":{"line":336,"column":48}},"64":{"start":{"line":342,"column":8},"end":{"line":342,"column":41}},"65":{"start":{"line":345,"column":8},"end":{"line":345,"column":67}},"66":{"start":{"line":346,"column":8},"end":{"line":346,"column":45}},"67":{"start":{"line":348,"column":8},"end":{"line":348,"column":71}},"68":{"start":{"line":358,"column":8},"end":{"line":358,"column":12700}},"69":{"start":{"line":378,"column":8},"end":{"line":378,"column":28}},"70":{"start":{"line":388,"column":8},"end":{"line":388,"column":39}},"71":{"start":{"line":390,"column":8},"end":{"line":390,"column":13800}},"72":{"start":{"line":391,"column":12},"end":{"line":391,"column":33}},"73":{"start":{"line":394,"column":8},"end":{"line":394,"column":13896}},"74":{"start":{"line":396,"column":12},"end":{"line":396,"column":33}},"75":{"start":{"line":399,"column":8},"end":{"line":399,"column":14069}},"76":{"start":{"line":401,"column":12},"end":{"line":401,"column":33}},"77":{"start":{"line":417,"column":8},"end":{"line":417,"column":33}},"78":{"start":{"line":417,"column":25},"end":{"line":417,"column":33}},"79":{"start":{"line":419,"column":8},"end":{"line":419,"column":42}},"80":{"start":{"line":420,"column":8},"end":{"line":420,"column":37}},"81":{"start":{"line":420,"column":29},"end":{"line":420,"column":37}},"82":{"start":{"line":422,"column":8},"end":{"line":422,"column":43}},"83":{"start":{"line":423,"column":8},"end":{"line":423,"column":76}},"84":{"start":{"line":424,"column":8},"end":{"line":424,"column":75}},"85":{"start":{"line":428,"column":8},"end":{"line":428,"column":15251}},"86":{"start":{"line":430,"column":12},"end":{"line":430,"column":15354}},"87":{"start":{"line":432,"column":16},"end":{"line":432,"column":62}},"88":{"start":{"line":433,"column":16},"end":{"line":433,"column":61}},"89":{"start":{"line":435,"column":12},"end":{"line":435,"column":20}},"90":{"start":{"line":439,"column":8},"end":{"line":439,"column":43}},"91":{"start":{"line":439,"column":35},"end":{"line":439,"column":43}},"92":{"start":{"line":442,"column":8},"end":{"line":442,"column":51}},"93":{"start":{"line":445,"column":8},"end":{"line":445,"column":61}},"94":{"start":{"line":447,"column":8},"end":{"line":447,"column":21}},"95":{"start":{"line":456,"column":8},"end":{"line":456,"column":31}},"96":{"start":{"line":464,"column":8},"end":{"line":464,"column":63}},"97":{"start":{"line":473,"column":8},"end":{"line":473,"column":37}},"98":{"start":{"line":473,"column":25},"end":{"line":473,"column":37}},"99":{"start":{"line":475,"column":8},"end":{"line":475,"column":42}},"100":{"start":{"line":476,"column":8},"end":{"line":476,"column":70}},"101":{"start":{"line":486,"column":8},"end":{"line":486,"column":55}},"102":{"start":{"line":487,"column":8},"end":{"line":487,"column":71}},"103":{"start":{"line":488,"column":8},"end":{"line":488,"column":40}},"104":{"start":{"line":496,"column":8},"end":{"line":496,"column":55}},"105":{"start":{"line":497,"column":8},"end":{"line":497,"column":82}},"106":{"start":{"line":498,"column":8},"end":{"line":498,"column":51}}},"branchMap":{"1":{"line":116,"type":"if","locations":[{"start":{"line":116,"column":15},"end":{"line":116,"column":15}},{"start":{"line":116,"column":15},"end":{"line":116,"column":15}}]},"2":{"line":118,"type":"if","locations":[{"start":{"line":118,"column":8},"end":{"line":118,"column":8}},{"start":{"line":118,"column":8},"end":{"line":118,"column":8}}]},"3":{"line":119,"type":"if","locations":[{"start":{"line":119,"column":8},"end":{"line":119,"column":8}},{"start":{"line":119,"column":8},"end":{"line":119,"column":8}}]},"4":{"line":120,"type":"if","locations":[{"start":{"line":120,"column":8},"end":{"line":120,"column":8}},{"start":{"line":120,"column":8},"end":{"line":120,"column":8}}]},"5":{"line":121,"type":"if","locations":[{"start":{"line":121,"column":8},"end":{"line":121,"column":8}},{"start":{"line":121,"column":8},"end":{"line":121,"column":8}}]},"6":{"line":121,"type":"cond-expr","locations":[{"start":{"line":121,"column":12},"end":{"line":121,"column":39}},{"start":{"line":121,"column":44},"end":{"line":121,"column":71}}]},"7":{"line":123,"type":"if","locations":[{"start":{"line":123,"column":8},"end":{"line":123,"column":8}},{"start":{"line":123,"column":8},"end":{"line":123,"column":8}}]},"8":{"line":127,"type":"if","locations":[{"start":{"line":127,"column":8},"end":{"line":127,"column":8}},{"start":{"line":127,"column":8},"end":{"line":127,"column":8}}]},"9":{"line":132,"type":"if","locations":[{"start":{"line":132,"column":8},"end":{"line":132,"column":8}},{"start":{"line":132,"column":8},"end":{"line":132,"column":8}}]},"10":{"line":156,"type":"if","locations":[{"start":{"line":156,"column":81},"end":{"line":156,"column":81}},{"start":{"line":156,"column":81},"end":{"line":156,"column":81}}]},"11":{"line":157,"type":"if","locations":[{"start":{"line":157,"column":8},"end":{"line":157,"column":8}},{"start":{"line":157,"column":8},"end":{"line":157,"column":8}}]},"12":{"line":157,"type":"cond-expr","locations":[{"start":{"line":157,"column":12},"end":{"line":157,"column":24}},{"start":{"line":157,"column":29},"end":{"line":157,"column":40}}]},"13":{"line":161,"type":"if","locations":[{"start":{"line":161,"column":8},"end":{"line":161,"column":8}},{"start":{"line":161,"column":8},"end":{"line":161,"column":8}}]},"14":{"line":163,"type":"if","locations":[{"start":{"line":163,"column":8},"end":{"line":163,"column":8}},{"start":{"line":163,"column":8},"end":{"line":163,"column":8}}]},"15":{"line":165,"type":"if","locations":[{"start":{"line":165,"column":8},"end":{"line":165,"column":8}},{"start":{"line":165,"column":8},"end":{"line":165,"column":8}}]},"16":{"line":176,"type":"if","locations":[{"start":{"line":176,"column":12},"end":{"line":176,"column":12}},{"start":{"line":176,"column":12},"end":{"line":176,"column":12}}]},"17":{"line":183,"type":"if","locations":[{"start":{"line":183,"column":12},"end":{"line":183,"column":12}},{"start":{"line":183,"column":12},"end":{"line":183,"column":12}}]},"18":{"line":190,"type":"if","locations":[{"start":{"line":190,"column":8},"end":{"line":190,"column":8}},{"start":{"line":190,"column":8},"end":{"line":190,"column":8}}]},"19":{"line":192,"type":"if","locations":[{"start":{"line":192,"column":66},"end":{"line":192,"column":70}},{"start":{"line":192,"column":74},"end":{"line":192,"column":78}}]},"20":{"line":194,"type":"if","locations":[{"start":{"line":194,"column":12},"end":{"line":194,"column":12}},{"start":{"line":194,"column":12},"end":{"line":194,"column":12}}]},"21":{"line":203,"type":"if","locations":[{"start":{"line":203,"column":8},"end":{"line":203,"column":8}},{"start":{"line":203,"column":8},"end":{"line":203,"column":8}}]},"22":{"line":208,"type":"if","locations":[{"start":{"line":208,"column":8},"end":{"line":208,"column":8}},{"start":{"line":208,"column":8},"end":{"line":208,"column":8}}]},"23":{"line":219,"type":"if","locations":[{"start":{"line":219,"column":8},"end":{"line":219,"column":8}},{"start":{"line":219,"column":8},"end":{"line":219,"column":8}}]},"24":{"line":234,"type":"if","locations":[{"start":{"line":234,"column":53},"end":{"line":234,"column":53}},{"start":{"line":234,"column":53},"end":{"line":234,"column":53}}]},"25":{"line":235,"type":"if","locations":[{"start":{"line":235,"column":8},"end":{"line":235,"column":8}},{"start":{"line":235,"column":8},"end":{"line":235,"column":8}}]},"26":{"line":236,"type":"if","locations":[{"start":{"line":236,"column":8},"end":{"line":236,"column":8}},{"start":{"line":236,"column":8},"end":{"line":236,"column":8}}]},"27":{"line":237,"type":"if","locations":[{"start":{"line":237,"column":8},"end":{"line":237,"column":8}},{"start":{"line":237,"column":8},"end":{"line":237,"column":8}}]},"28":{"line":237,"type":"cond-expr","locations":[{"start":{"line":237,"column":12},"end":{"line":237,"column":40}},{"start":{"line":237,"column":45},"end":{"line":237,"column":62}}]},"29":{"line":248,"type":"if","locations":[{"start":{"line":248,"column":8},"end":{"line":248,"column":8}},{"start":{"line":248,"column":8},"end":{"line":248,"column":8}}]},"30":{"line":257,"type":"if","locations
[...]
olumn":8}}]},"16":{"line":222,"type":"if","locations":[{"start":{"line":222,"column":12},"end":{"line":222,"column":12}},{"start":{"line":222,"column":12},"end":{"line":222,"column":12}}]},"17":{"line":226,"type":"if","locations":[{"start":{"line":226,"column":8},"end":{"line":226,"column":8}},{"start":{"line":226,"column":8},"end":{"line":226,"column":8}}]},"18":{"line":229,"type":"if","locations":[{"start":{"line":229,"column":18},"end":{"line":229,"column":42}},{"start":{"line":230,"column":18},"end":{"line":230,"column":42}}]},"19":{"line":237,"type":"if","locations":[{"start":{"line":237,"column":12},"end":{"line":237,"column":12}},{"start":{"line":237,"column":12},"end":{"line":237,"column":12}}]},"20":{"line":243,"type":"if","locations":[{"start":{"line":243,"column":8},"end":{"line":243,"column":8}},{"start":{"line":243,"column":8},"end":{"line":243,"column":8}}]},"21":{"line":250,"type":"if","locations":[{"start":{"line":250,"column":8},"end":{"line":250,"column":8}},{"start":{"line":250,"column":8},"end":{"line":250,"column":8}}]},"22":{"line":273,"type":"if","locations":[{"start":{"line":273,"column":24},"end":{"line":273,"column":24}},{"start":{"line":273,"column":24},"end":{"line":273,"column":24}}]},"23":{"line":273,"type":"if","locations":[{"start":{"line":273,"column":37},"end":{"line":273,"column":37}},{"start":{"line":273,"column":37},"end":{"line":273,"column":37}}]},"24":{"line":274,"type":"if","locations":[{"start":{"line":274,"column":8},"end":{"line":274,"column":8}},{"start":{"line":274,"column":8},"end":{"line":274,"column":8}}]},"25":{"line":275,"type":"if","locations":[{"start":{"line":275,"column":8},"end":{"line":275,"column":8}},{"start":{"line":275,"column":8},"end":{"line":275,"column":8}}]},"26":{"line":276,"type":"if","locations":[{"start":{"line":276,"column":8},"end":{"line":276,"column":8}},{"start":{"line":276,"column":8},"end":{"line":276,"column":8}}]},"27":{"line":281,"type":"if","locations":[{"start":{"line":281,"column":8},"end":{"line":281,"column":8}},{"start":{"line":281,"column":8},"end":{"line":281,"column":8}}]},"28":{"line":282,"type":"if","locations":[{"start":{"line":282,"column":65},"end":{"line":282,"column":77}},{"start":{"line":282,"column":81},"end":{"line":282,"column":93}}]},"29":{"line":284,"type":"if","locations":[{"start":{"line":284,"column":12},"end":{"line":284,"column":12}},{"start":{"line":284,"column":12},"end":{"line":284,"column":12}}]},"30":{"line":296,"type":"if","locations":[{"start":{"line":296,"column":8},"end":{"line":296,"column":8}},{"start":{"line":296,"column":8},"end":{"line":296,"column":8}}]},"31":{"line":299,"type":"if","locations":[{"start":{"line":299,"column":12},"end":{"line":299,"column":12}},{"start":{"line":299,"column":12},"end":{"line":299,"column":12}}]},"32":{"line":328,"type":"if","locations":[{"start":{"line":328,"column":48},"end":{"line":328,"column":48}},{"start":{"line":328,"column":48},"end":{"line":328,"column":48}}]},"33":{"line":333,"type":"if","locations":[{"start":{"line":333,"column":8},"end":{"line":333,"column":8}},{"start":{"line":333,"column":8},"end":{"line":333,"column":8}}]},"34":{"line":339,"type":"if","locations":[{"start":{"line":339,"column":8},"end":{"line":339,"column":8}},{"start":{"line":339,"column":8},"end":{"line":339,"column":8}}]},"35":{"line":353,"type":"if","locations":[{"start":{"line":353,"column":12},"end":{"line":353,"column":12}},{"start":{"line":353,"column":12},"end":{"line":353,"column":12}}]},"36":{"line":366,"type":"if","locations":[{"start":{"line":366,"column":47},"end":{"line":366,"column":47}},{"start":{"line":366,"column":47},"end":{"line":366,"column":47}}]},"37":{"line":367,"type":"if","locations":[{"start":{"line":367,"column":8},"end":{"line":367,"column":8}},{"start":{"line":367,"column":8},"end":{"line":367,"column":8}}]},"38":{"line":368,"type":"if","locations":[{"start":{"line":368,"column":8},"end":{"line":368,"column":8}},{"start":{"line":368,"column":8},"end":{"line":368,"column":8}}]},"39":{"line":371,"type":"if","locations":[{"start":{"line":371,"column":8},"end":{"line":371,"column":8}},{"start":{"line":371,"column":8},"end":{"line":371,"column":8}}]},"40":{"line":381,"type":"if","locations":[{"start":{"line":381,"column":8},"end":{"line":381,"column":8}},{"start":{"line":381,"column":8},"end":{"line":381,"column":8}}]},"41":{"line":397,"type":"if","locations":[{"start":{"line":397,"column":42},"end":{"line":397,"column":42}},{"start":{"line":397,"column":42},"end":{"line":397,"column":42}}]},"42":{"line":399,"type":"if","locations":[{"start":{"line":399,"column":8},"end":{"line":399,"column":8}},{"start":{"line":399,"column":8},"end":{"line":399,"column":8}}]},"43":{"line":409,"type":"if","locations":[{"start":{"line":409,"column":8},"end":{"line":409,"column":8}},{"start":{"line":409,"column":8},"end":{"line":409,"column":8}}]},"44":{"line":445,"type":"if","locations":[{"start":{"line":445,"column":8},"end":{"line":445,"column":8}},{"start":{"line":445,"column":8},"end":{"line":445,"column":8}}]},"45":{"line":446,"type":"if","locations":[{"start":{"line":446,"column":8},"end":{"line":446,"column":8}},{"start":{"line":446,"column":8},"end":{"line":446,"column":8}}]},"46":{"line":457,"type":"if","locations":[{"start":{"line":457,"column":8},"end":{"line":457,"column":8}},{"start":{"line":457,"column":8},"end":{"line":457,"column":8}}]},"47":{"line":458,"type":"if","locations":[{"start":{"line":458,"column":8},"end":{"line":458,"column":8}},{"start":{"line":458,"column":8},"end":{"line":458,"column":8}}]},"48":{"line":461,"type":"if","locations":[{"start":{"line":461,"column":8},"end":{"line":461,"column":8}},{"start":{"line":461,"column":8},"end":{"line":461,"column":8}}]},"49":{"line":466,"type":"if","locations":[{"start":{"line":466,"column":60},"end":{"line":466,"column":60}},{"start":{"line":466,"column":64},"end":{"line":466,"column":64}}]},"50":{"line":469,"type":"if","locations":[{"start":{"line":469,"column":8},"end":{"line":469,"column":8}},{"start":{"line":469,"column":8},"end":{"line":469,"column":8}}]},"51":{"line":472,"type":"if","locations":[{"start":{"line":472,"column":53},"end":{"line":472,"column":65}},{"start":{"line":472,"column":69},"end":{"line":472,"column":81}}]},"52":{"line":476,"type":"if","locations":[{"start":{"line":476,"column":8},"end":{"line":476,"column":8}},{"start":{"line":476,"column":8},"end":{"line":476,"column":8}}]},"53":{"line":519,"type":"if","locations":[{"start":{"line":519,"column":8},"end":{"line":519,"column":8}},{"start":{"line":519,"column":8},"end":{"line":519,"column":8}}]},"54":{"line":554,"type":"if","locations":[{"start":{"line":554,"column":42},"end":{"line":554,"column":42}},{"start":{"line":554,"column":42},"end":{"line":554,"column":42}}]},"55":{"line":559,"type":"if","locations":[{"start":{"line":559,"column":8},"end":{"line":559,"column":8}},{"start":{"line":559,"column":8},"end":{"line":559,"column":8}}]},"56":{"line":565,"type":"if","locations":[{"start":{"line":565,"column":8},"end":{"line":565,"column":8}},{"start":{"line":565,"column":8},"end":{"line":565,"column":8}}]},"57":{"line":568,"type":"if","locations":[{"start":{"line":568,"column":8},"end":{"line":568,"column":8}},{"start":{"line":568,"column":8},"end":{"line":568,"column":8}}]},"58":{"line":574,"type":"if","locations":[{"start":{"line":574,"column":8},"end":{"line":574,"column":8}},{"start":{"line":574,"column":8},"end":{"line":574,"column":8}}]},"59":{"line":577,"type":"if","locations":[{"start":{"line":577,"column":8},"end":{"line":577,"column":8}},{"start":{"line":577,"column":8},"end":{"line":577,"column":8}}]}}},"contracts/security/RefundModule.sol":{"l":{"53":0,"54":0,"65":0,"66":0,"78":0,"79":0,"80":0,"90":0,"91":0,"92":0,"105":0,"106":0,"108":0,"109":0,"112":0,"113":0,"116":0,"117":0,"119":0,"132":0,"133":0,"145":0,"146":0},"path":"/Users/seman/Desktop/kektechbmad100/expansion-packs/bmad-blockchain-dev/contracts/security/RefundModule.sol","s":{"1":0,"2":0,"3":0,"4":0,"5":0,"6":0,"7":0,"8":0,"9":0,"10":0,"11":0,"12":0},"b":{"1":[0,0],"2":[0,0],"3":[0,0],"4":[0,0],"5":[0,0],"6":[0,0],"7":[0,0],"8":[0,0],"9":[0,0]},"f":{"1":0,"2":0,"3":0,"4":0,"5":0,"6":0,"7":0},"fnMap":{"1":{"name":"onlyResolutionManager","line":52,"loc":{"start":{"line":52,"column":4},"end":{"line":55,"column":4}}},"2":{"name":"_setResolutionManager","line":64,"loc":{"start":{"line":64,"column":4},"end":{"line":67,"column":4}}},"3":{"name":"enableRefunds","line":77,"loc":{"start":{"line":77,"column":4},"end":{"line":81,"column":4}}},"4":{"name":"_recordRefundableAmount","line":89,"loc":{"start":{"line":89,"column":4},"end":{"line":93,"column":4}}},"5":{"name":"claimRefund","line":104,"loc":{"start":{"line":104,"column":4},"end":{"line":120,"column":4}}},"6":{"name":"getRefundInfo","line":128,"loc":{"start":{"line":128,"column":4},"end":{"line":134,"column":4}}},"7":{"name":"getRefundStats","line":141,"loc":{"start":{"line":141,"column":4},"end":{"line":147,"column":4}}}},"statementMap":{"1":{"start":{"line":53,"column":8},"end":{"line":53,"column":66}},"2":{"start":{"line":65,"column":8},"end":{"line":65,"column":62}},"3":{"start":{"line":78,"column":8},"end":{"line":78,"column":50}},"4":{"start":{"line":80,"column":8},"end":{"line":80,"column":44}},"5":{"start":{"line":92,"column":8},"end":{"line":92,"column":63}},"6":{"start":{"line":105,"column":8},"end":{"line":105,"column":55}},"7":{"start":{"line":106,"column":8},"end":{"line":106,"column":65}},"8":{"start":{"line":108,"column":8},"end":{"line":108,"column":60}},"9":{"start":{"line":109,"column":8},"end":{"line":109,"column":57}},"10":{"start":{"line":116,"column":8},"end":{"line":116,"column":76}},"11":{"start":{"line":117,"column":8},"end":{"line":117,"column":51}},"12":{"start":{"line":119,"column":8},"end":{"line":119,"column":69}}},"branchMap":{"1":{"line":53,"type":"if","locations":[{"start":{"line":53,"column":8},"end":{"line":53,"column":8}},{"start":{"line":53,"column":8},"end":{"line":53,"column":8}}]},"2":{"line":65,"type":"if","locations":[{"start":{"line":65,"column":8},"end":{"line":65,"column":8}},{"start":{"line":65,"column":8},"end":{"line":65,"column":8}}]},"3":{"line":77,"type":"if","locations":[{"start":{"line":77,"column":46},"end":{"line":77,"column":46}},{"start":{"line":77,"column":46},"end":{"line":77,"column":46}}]},"4":{"line":78,"type":"if","locations":[{"start":{"line":78,"column":8},"end":{"line":78,"column":8}},{"start":{"line":78,"column":8},"end":{"line":78,"column":8}}]},"5":{"line":104,"type":"if","locations":[{"start":{"line":104,"column":36},"end":{"line":104,"column":36}},{"start":{"line":104,"column":36},"end":{"line":104,"column":36}}]},"6":{"line":105,"type":"if","locations":[{"start":{"line":105,"column":8},"end":{"line":105,"column":8}},{"start":{"line":105,"column":8},"end":{"line":105,"column":8}}]},"7":{"line":106,"type":"if","locations":[{"start":{"line":106,"column":8},"end":{"line":106,"column":8}},{"start":{"line":106,"column":8},"end":{"line":106,"column":8}}]},"8":{"line":109,"type":"if","locations":[{"start":{"line":109,"column":8},"end":{"line":109,"column":8}},{"start":{"line":109,"column":8},"end":{"line":109,"column":8}}]},"9":{"line":117,"type":"if","locations":[{"start":{"line":117,"column":8},"end":{"line":117,"column":8}},{"start":{"line":117,"column":8},"end":{"line":117,"column":8}}]}}},"contracts/test/GreedyReceiver.sol":{"l":{"14":0,"18":0,"19":0,"20":0,"21":0,"24":0,"25":0,"26":0,"28":0,"32":0},"path":"/Users/seman/Desktop/kektechbmad100/expansion-packs/bmad-blockchain-dev/contracts/test/GreedyReceiver.sol","s":{"1":0},"b":{"1":[0,0],"2":[0,0]},"f":{"1":0,"2":0},"fnMap":{"1":{"name":"constructor","line":13,"loc":{"start":{"line":13,"column":4},"end":{"line":15,"column":4}}},"2":{"name":"claim","line":31,"loc":{"start":{"line":31,"column":4},"end":{"line":33,"column":4}}}},"statementMap":{"1":{"start":{"line":32,"column":8},"end":{"line":32,"column":52}}},"branchMap":{"1":{"line":20,"type":"if","locations":[{"start":{"line":20,"column":8},"end":{"line":20,"column":8}},{"start":{"line":20,"column":8},"end":{"line":20,"column":8}}]},"2":{"line":28,"type":"if","locations":[{"start":{"line":28,"column":8},"end":{"line":28,"column":8}},{"start":{"line":28,"column":8},"end":{"line":28,"column":8}}]}}},"contracts/test/MaliciousContracts.sol":{"l":{"18":0,"22":0,"35":0,"36":0,"42":0,"43":0,"56":0,"60":0,"73":0,"77":0,"79":0,"80":0,"85":0,"98":0,"102":0,"103":0,"105":0,"108":0,"113":0,"114":0,"117":0,"129":0,"134":0,"143":0,"153":0,"162":0,"167":0,"176":0,"189":0,"193":0,"194":0,"195":0,"210":0,"211":0,"224":0,"233":0,"242":0,"245":0,"254":0,"267":0,"271":0,"272":0,"273":0,"278":0},"path":"/Users/seman/Desktop/kektechbmad100/expansion-packs/bmad-blockchain-dev/contracts/test/MaliciousContracts.sol","s":{"1":0,"2":0,"3":0,"4":0,"5":0,"6":0,"7":0,"8":0,"9":0,"10":0,"11":0,"12":0,"13":0,"14":0,"15":0,"16":0,"17":0,"18":0,"19":0,"20":0},"b":{"1":[0,0],"2":[0,0],"3":[0,0],"4":[0,0],"5":[0,0],"6":[0,0],"7":[0,0],"8":[0,0],"9":[0,0],"10":[0,0],"11":[0,0]},"f":{"1":0,"2":0,"3":0,"4":0,"5":0,"6":0,"7":0,"8":0,"9":0,"10":0,"11":0,"12":0,"13":0,"14":0,"15":0,"16":0,"17":0,"18":0},"fnMap":{"1":{"name":"collectFees","line":17,"loc":{"start":{"line":17,"column":4},"end":{"line":19,"column":4}}},"2":{"name":"getTreasuryBalance","line":21,"loc":{"start":{"line":21,"column":4},"end":{"line":23,"column":4}}},"3":{"name":null,"line":40,"loc":{"start":{"line":40,"column":4},"end":{"line":45,"column":4}}},"4":{"name":null,"line":59,"loc":{"start":{"line":59,"column":4},"end":{"line":61,"column":4}}},"5":{"name":"constructor","line":72,"loc":{"start":{"line":72,"column":4},"end":{"line":74,"column":4}}},"6":{"name":"getLastGasReceived","line":84,"loc":{"start":{"line":84,"column":4},"end":{"line":86,"column":4}}},"7":{"name":"constructor","line":97,"loc":{"start":{"line":97,"column":4},"end":{"line":99,"column":4}}},"8":{"name":"attack","line":112,"loc":{"start":{"line":112,"column":4},"end":{"line":118,"column":4}}},"9":{"name":"constructor","line":128,"loc":{"start":{"line":128,"column":4},"end":{"line":130,"column":4}}},"10":{"name":"frontRun","line":132,"loc":{"start":{"line":132,"column":4},"end":{"line":144,"column":4}}},"11":{"name":"sandwichAttack","line":146,"loc":{"start":{"line":146,"column":4},"end":{"line":177,"column":4}}},"12":{"name":"constructor","line":188,"loc":{"start":{"line":188,"column":4},"end":{"line":190,"column":4}}},"13":{"name":"collectFees","line":192,"loc":{"start":{"line":192,"column":4},"end":{"line":197,"column":4}}},"14":{"name":"constructor","line":223,"loc":{"start":{"line":223,"column":4},"end":{"line":225,"column":4}}},"15":{"name":"manipulateOdds","line":227,"loc":{"start":{"line":227,"column":4},"end":{"line":255,"column":4}}},"16":{"name":"setShouldRevert","line":266,"loc":{"start":{"line":266,"column":4},"end":{"line":268,"column":4}}},"17":{"name":"collectFees","line":270,"loc":{"start":{"line":270,"column":4},"end":{"line":275,"column":4}}},"18":{"name":"getTreasuryBalance","line":277,"loc":{"start":{"line":277,"column":4},"end":{"line":279,"column":4}}}},"statementMap":{"1":{"start":{"line":22,"column":8},"end":{"line":22,"column":16}},"2":{"start":{"line":42,"column":8},"end":{"line":42,"column":958}},"3":{"start":{"line":85,"column":8},"end":{"line":85,"column":30}},"4":{"start":{"line":114,"column":8},"end":{"line":114,"column":2532}},"5":{"start":{"line":117,"column":8},"end":{"line":117,"column":46}},"6":{"start":{"line":134,"column":8},"end":{"line":134,"column":3024}},"7":{"start":{"line":143,"column":8},"end":{"line":143,"column":43}},"8":{"start":{"line":153,"column":8},"end":{"line":153,"column":3507}},"9":{"start":{"line":162,"column":8},"end":{"line":162,"column":44}},"10":{"start":{"line":167,"column":8},"end":{"line":167,"column":3885}},"11":{"start":{"line":176,"column":8},"end":{"line":176,"column":43}},"12":{"start":{"line":194,"column":8},"end":{"line":194,"column":4565}},"13":{"start":{"line":195,"column":12},"end":{"line":195,"column":41}},"14":{"start":{"line":233,"column":8},"end":{"line":233,"column":5448}},"15":{"start":{"line":242,"column":8},"end":{"line":242,"column":46}},"16":{"start":{"line":245,"column":8},"end":{"line":245,"column":5806}},"17":{"start":{"line":254,"column":8},"end":{"line":254,"column":45}},"18":{"start":{"line":272,"column":8},"end":{"line":272,"column":6522}},"19":{"start":{"line":273,"column":12},"end":{"line":273,"column":39}},"20":{"start":{"line":278,"column":8},"end":{"line":278,"column":36}}},"branchMap":{"1":{"line":79,"type":"if","locations":[{"start":{"line":79,"column":8},"end":{"line":79,"column":8}},{"start":{"line":79,"column":8},"end":{"line":79,"column":8}}]},"2":{"line":102,"type":"if","locations":[{"start":{"line":102,"column":8},"end":{"line":102,"column":8}},{"start":{"line":102,"column":8},"end":{"line":102,"column":8}}]},"3":{"line":108,"type":"if","locations":[{"start":{"line":108,"column":12},"end":{"line":108,"column":12}},{"start":{"line":108,"column":12},"end":{"line":108,"column":12}}]},"4":{"line":117,"type":"if","locations":[{"start":{"line":117,"column":8},"end":{"line":117,"column":8}},{"start":{"line":117,"column":8},"end":{"line":117,"column":8}}]},"5":{"line":143,"type":"if","locations":[{"start":{"line":143,"column":8},"end":{"line":143,"column":8}},{"start":{"line":143,"column":8},"end":{"line":143,"column":8}}]},"6":{"line":162,"type":"if","locations":[{"start":{"line":162,"column":8},"end":{"line":162,"column":8}},{"start":{"line":162,"column":8},"end":{"line":162,"column":8}}]},"7":{"line":176,"type":"if","locations":[{"start":{"line":176,"column":8},"end":{"line":176,"column":8}},{"start":{"line":176,"column":8},"end":{"line":176,"column":8}}]},"8":{"line":194,"type":"if","locations":[{"start":{"line":194,"column":8},"end":{"line":194,"column":8}},{"start":{"line":194,"column":8},"end":{"line":194,"column":8}}]},"9":{"line":242,"type":"if","locations":[{"start":{"line":242,"column":8},"end":{"line":242,"column":8}},{"start":{"line":242,"column":8},"end":{"line":242,"column":8}}]},"10":{"line":254,"type":"if","locations":[{"start":{"line":254,"column":8},"end":{"line":254,"column":8}},{"start":{"line":254,"column":8},"end":{"line":254,"column":8}}]},"11":{"line":272,"type":"if","locations":[{"start":{"line":272,"column":8},"end":{"line":272,"column":8}},{"start":{"line":272,"column":8},"end":{"line":272,"column":8}}]}}},"contracts/test/MockRewardDistributor.sol":{"l":{"14":0,"18":0,"22":0,"23":0,"25":0},"path":"/Users/seman/Desktop/kektechbmad100/expansion-packs/bmad-blockchain-dev/contracts/test/MockRewardDistributor.sol","s":{"1":0,"2":0,"3":0},"b":{"1":[0,0]},"f":{"1":0,"2":0,"3":0},"fnMap":{"1":{"name":"constructor","line":13,"loc":{"start":{"line":13,"column":4},"end":{"line":15,"column":4}}},"2":{"name":"setAlwaysRevert","line":17,"loc":{"start":{"line":17,"column":4},"end":{"line":19,"column":4}}},"3":{"name":"collectFees","line":21,"loc":{"start":{"line":21,"column":4},"end":{"line":26,"column":4}}}},"statementMap":{"1":{"start":{"line":22,"column":8},"end":{"line":22,"column":591}},"2":{"start":{"line":23,"column":12},"end":{"line":23,"column":41}},"3":{"start":{"line":25,"column":8},"end":{"line":25,"column":42}}},"branchMap":{"1":{"line":22,"type":"if","locations":[{"start":{"line":22,"column":8},"end":{"line":22,"column":8}},{"start":{"line":22,"column":8},"end":{"line":22,"column":8}}]}}},"contracts/test/ReentrantClaimer.sol":{"l":{"14":0,"15":0,"19":0,"20":0,"22":0},"path":"/Users/seman/Desktop/kektechbmad100/expansion-packs/bmad-blockchain-dev/contracts/test/ReentrantClaimer.sol","s":{},"b":{"1":[0,0]},"f":{"1":0},"fnMap":{"1":{"name":"constructor","line":13,"loc":{"start":{"line":13,"column":4},"end":{"line":16,"column":4}}}},"statementMap":{},"branchMap":{"1":{"line":20,"type":"if","locations":[{"start":{"line":20,"column":8},"end":{"line":20,"column":8}},{"start":{"line":20,"column":8},"end":{"line":20,"column":8}}]}}}}